2019-12-12 08:53:44.625  INFO 35888 --- [restartedMain] com.foxtel.spring.demo.Application       : Starting Application on LT470FD5 with PID 35888 (C:\VisualStudioCodeWorkspace\demo\bin\main started by nagarajr in c:\VisualStudioCodeWorkspace\demo)
2019-12-12 08:53:44.645 DEBUG 35888 --- [restartedMain] com.foxtel.spring.demo.Application       : Running with Spring Boot v2.2.1.RELEASE, Spring v5.2.1.RELEASE
2019-12-12 08:53:44.646  INFO 35888 --- [restartedMain] com.foxtel.spring.demo.Application       : No active profile set, falling back to default profiles: default
2019-12-12 08:53:44.796  INFO 35888 --- [restartedMain] .e.DevToolsPropertyDefaultsPostProcessor : Devtools property defaults active! Set 'spring.devtools.add-properties' to 'false' to disable
2019-12-12 08:53:44.797  INFO 35888 --- [restartedMain] .e.DevToolsPropertyDefaultsPostProcessor : For additional web related logging consider setting the 'logging.level.web' property to 'DEBUG'
2019-12-12 08:53:47.745  INFO 35888 --- [restartedMain] .s.d.r.c.RepositoryConfigurationDelegate : Multiple Spring Data modules found, entering strict repository configuration mode!
2019-12-12 08:53:47.748  INFO 35888 --- [restartedMain] .s.d.r.c.RepositoryConfigurationDelegate : Bootstrapping Spring Data repositories in DEFAULT mode.
2019-12-12 08:53:47.802  INFO 35888 --- [restartedMain] .s.d.r.c.RepositoryConfigurationDelegate : Finished Spring Data repository scanning in 45ms. Found 0 repository interfaces.
2019-12-12 08:53:47.862  INFO 35888 --- [restartedMain] .s.d.r.c.RepositoryConfigurationDelegate : Multiple Spring Data modules found, entering strict repository configuration mode!
2019-12-12 08:53:47.865  INFO 35888 --- [restartedMain] .s.d.r.c.RepositoryConfigurationDelegate : Bootstrapping Spring Data repositories in DEFAULT mode.
2019-12-12 08:53:47.912  INFO 35888 --- [restartedMain] .s.d.r.c.RepositoryConfigurationDelegate : Finished Spring Data repository scanning in 9ms. Found 0 repository interfaces.
2019-12-12 08:53:49.023  INFO 35888 --- [restartedMain] trationDelegate$BeanPostProcessorChecker : Bean 'org.springframework.ws.config.annotation.DelegatingWsConfiguration' of type [org.springframework.ws.config.annotation.DelegatingWsConfiguration$$EnhancerBySpringCGLIB$$b590630c] is not eligible for getting processed by all BeanPostProcessors (for example: not eligible for auto-proxying)
2019-12-12 08:53:49.172  INFO 35888 --- [restartedMain] .w.s.a.s.AnnotationActionEndpointMapping : Supporting [WS-Addressing August 2004, WS-Addressing 1.0]
2019-12-12 08:53:49.266  INFO 35888 --- [restartedMain] trationDelegate$BeanPostProcessorChecker : Bean 'org.springframework.transaction.annotation.ProxyTransactionManagementConfiguration' of type [org.springframework.transaction.annotation.ProxyTransactionManagementConfiguration] is not eligible for getting processed by all BeanPostProcessors (for example: not eligible for auto-proxying)
2019-12-12 08:53:50.571  INFO 35888 --- [restartedMain] o.s.b.w.embedded.tomcat.TomcatWebServer  : Tomcat initialized with port(s): 8080 (http)
2019-12-12 08:53:50.589  INFO 35888 --- [restartedMain] o.apache.catalina.core.StandardService   : Starting service [Tomcat]
2019-12-12 08:53:50.590  INFO 35888 --- [restartedMain] org.apache.catalina.core.StandardEngine  : Starting Servlet engine: [Apache Tomcat/9.0.27]
2019-12-12 08:53:50.711  INFO 35888 --- [restartedMain] o.a.c.c.C.[Tomcat].[localhost].[/]       : Initializing Spring embedded WebApplicationContext
2019-12-12 08:53:50.712  INFO 35888 --- [restartedMain] o.s.web.context.ContextLoader            : Root WebApplicationContext: initialization completed in 5914 ms
2019-12-12 08:53:51.041  INFO 35888 --- [restartedMain] com.zaxxer.hikari.HikariDataSource       : HikariPool-1 - Starting...
2019-12-12 08:53:51.433  INFO 35888 --- [restartedMain] com.zaxxer.hikari.HikariDataSource       : HikariPool-1 - Start completed.
2019-12-12 08:53:52.894  INFO 35888 --- [restartedMain] o.s.b.a.h2.H2ConsoleAutoConfiguration    : H2 console available at '/h2-console'. Database available at 'jdbc:h2:mem:testdb'
2019-12-12 08:53:53.348  INFO 35888 --- [restartedMain] o.s.b.d.a.OptionalLiveReloadServer       : LiveReload server is running on port 35729
2019-12-12 08:53:53.528  INFO 35888 --- [restartedMain] o.hibernate.jpa.internal.util.LogHelper  : HHH000204: Processing PersistenceUnitInfo [name: default]
2019-12-12 08:53:53.692  INFO 35888 --- [restartedMain] org.hibernate.Version                    : HHH000412: Hibernate Core {5.4.8.Final}
2019-12-12 08:53:54.053  INFO 35888 --- [restartedMain] o.hibernate.annotations.common.Version   : HCANN000001: Hibernate Commons Annotations {5.1.0.Final}
2019-12-12 08:53:54.301  INFO 35888 --- [restartedMain] org.hibernate.dialect.Dialect            : HHH000400: Using dialect: org.hibernate.dialect.H2Dialect
2019-12-12 08:53:54.768  INFO 35888 --- [restartedMain] o.h.e.t.j.p.i.JtaPlatformInitiator       : HHH000490: Using JtaPlatform implementation: [org.hibernate.engine.transaction.jta.platform.internal.NoJtaPlatform]
2019-12-12 08:53:54.781  INFO 35888 --- [restartedMain] j.LocalContainerEntityManagerFactoryBean : Initialized JPA EntityManagerFactory for persistence unit 'default'
2019-12-12 08:53:54.991  WARN 35888 --- [restartedMain] JpaBaseConfiguration$JpaWebConfiguration : spring.jpa.open-in-view is enabled by default. Therefore, database queries may be performed during view rendering. Explicitly configure spring.jpa.open-in-view to disable this warning
2019-12-12 08:53:55.661  INFO 35888 --- [restartedMain] o.s.b.a.e.web.EndpointLinksResolver      : Exposing 15 endpoint(s) beneath base path '/flights'
2019-12-12 08:53:56.096  INFO 35888 --- [restartedMain] o.s.s.web.DefaultSecurityFilterChain     : Creating filter chain: any request, [org.springframework.security.web.context.request.async.WebAsyncManagerIntegrationFilter@239ac945, org.springframework.security.web.context.SecurityContextPersistenceFilter@68ec956, org.springframework.security.web.header.HeaderWriterFilter@4e2f8ff0, org.springframework.security.web.csrf.CsrfFilter@2359d653, org.springframework.security.web.authentication.logout.LogoutFilter@2769796e, org.springframework.security.web.authentication.www.BasicAuthenticationFilter@794d4c09, org.springframework.security.web.savedrequest.RequestCacheAwareFilter@1a961eda, org.springframework.security.web.servletapi.SecurityContextHolderAwareRequestFilter@2876f434, org.springframework.security.web.authentication.AnonymousAuthenticationFilter@c9941ae, org.springframework.security.web.session.SessionManagementFilter@74106813, org.springframework.security.web.access.ExceptionTranslationFilter@2407b6d8, org.springframework.security.web.access.intercept.FilterSecurityInterceptor@193dfb80]
2019-12-12 08:53:56.141  INFO 35888 --- [restartedMain] pertySourcedRequestMappingHandlerMapping : Mapped URL path [/v2/api-docs] onto method [springfox.documentation.swagger2.web.Swagger2Controller#getDocumentation(String, HttpServletRequest)]
2019-12-12 08:53:56.887  INFO 35888 --- [restartedMain] o.s.s.concurrent.ThreadPoolTaskExecutor  : Initializing ExecutorService 'applicationTaskExecutor'
2019-12-12 08:53:57.470  INFO 35888 --- [restartedMain] d.s.w.p.DocumentationPluginsBootstrapper : Context refreshed
2019-12-12 08:53:57.515  INFO 35888 --- [restartedMain] d.s.w.p.DocumentationPluginsBootstrapper : Found 1 custom documentation plugin(s)
2019-12-12 08:53:57.583  INFO 35888 --- [restartedMain] s.d.s.w.s.ApiListingReferenceScanner     : Scanning for api listing references
2019-12-12 08:53:57.874  INFO 35888 --- [restartedMain] .d.s.w.r.o.CachingOperationNameGenerator : Generating unique operation named: handleUsingGET_1
2019-12-12 08:53:57.886  INFO 35888 --- [restartedMain] .d.s.w.r.o.CachingOperationNameGenerator : Generating unique operation named: handleUsingGET_2
2019-12-12 08:53:57.890  INFO 35888 --- [restartedMain] .d.s.w.r.o.CachingOperationNameGenerator : Generating unique operation named: handleUsingDELETE_1
2019-12-12 08:53:57.896  INFO 35888 --- [restartedMain] .d.s.w.r.o.CachingOperationNameGenerator : Generating unique operation named: handleUsingGET_3
2019-12-12 08:53:57.902  INFO 35888 --- [restartedMain] .d.s.w.r.o.CachingOperationNameGenerator : Generating unique operation named: handleUsingGET_4
2019-12-12 08:53:57.917  INFO 35888 --- [restartedMain] .d.s.w.r.o.CachingOperationNameGenerator : Generating unique operation named: handleUsingGET_5
2019-12-12 08:53:57.922  INFO 35888 --- [restartedMain] .d.s.w.r.o.CachingOperationNameGenerator : Generating unique operation named: handleUsingGET_6
2019-12-12 08:53:57.940  INFO 35888 --- [restartedMain] .d.s.w.r.o.CachingOperationNameGenerator : Generating unique operation named: handleUsingGET_7
2019-12-12 08:53:57.947  INFO 35888 --- [restartedMain] .d.s.w.r.o.CachingOperationNameGenerator : Generating unique operation named: handleUsingGET_8
2019-12-12 08:53:57.954  INFO 35888 --- [restartedMain] .d.s.w.r.o.CachingOperationNameGenerator : Generating unique operation named: handleUsingGET_9
2019-12-12 08:53:57.963  INFO 35888 --- [restartedMain] .d.s.w.r.o.CachingOperationNameGenerator : Generating unique operation named: handleUsingGET_10
2019-12-12 08:53:57.980  INFO 35888 --- [restartedMain] .d.s.w.r.o.CachingOperationNameGenerator : Generating unique operation named: handleUsingGET_11
2019-12-12 08:53:57.990  INFO 35888 --- [restartedMain] .d.s.w.r.o.CachingOperationNameGenerator : Generating unique operation named: handleUsingGET_12
2019-12-12 08:53:57.995  INFO 35888 --- [restartedMain] .d.s.w.r.o.CachingOperationNameGenerator : Generating unique operation named: handleUsingGET_13
2019-12-12 08:53:57.999  INFO 35888 --- [restartedMain] .d.s.w.r.o.CachingOperationNameGenerator : Generating unique operation named: handleUsingGET_14
2019-12-12 08:53:58.002  INFO 35888 --- [restartedMain] .d.s.w.r.o.CachingOperationNameGenerator : Generating unique operation named: handleUsingGET_15
2019-12-12 08:53:58.006  INFO 35888 --- [restartedMain] .d.s.w.r.o.CachingOperationNameGenerator : Generating unique operation named: handleUsingGET_16
2019-12-12 08:53:58.018  INFO 35888 --- [restartedMain] .d.s.w.r.o.CachingOperationNameGenerator : Generating unique operation named: handleUsingGET_17
2019-12-12 08:53:58.024  INFO 35888 --- [restartedMain] .d.s.w.r.o.CachingOperationNameGenerator : Generating unique operation named: handleUsingPOST_1
2019-12-12 08:53:58.028  INFO 35888 --- [restartedMain] .d.s.w.r.o.CachingOperationNameGenerator : Generating unique operation named: handleUsingGET_18
2019-12-12 08:53:58.135  INFO 35888 --- [restartedMain] o.s.b.w.embedded.tomcat.TomcatWebServer  : Tomcat started on port(s): 8080 (http) with context path ''
2019-12-12 08:53:58.147  INFO 35888 --- [restartedMain] com.foxtel.spring.demo.Application       : Started Application in 14.306 seconds (JVM running for 15.18)
2019-12-12 08:54:02.063  INFO 35888 --- [http-nio-8080-exec-10] o.a.c.c.C.[Tomcat].[localhost].[/]       : Initializing Spring DispatcherServlet 'dispatcherServlet'
2019-12-12 08:54:02.068  INFO 35888 --- [http-nio-8080-exec-10] o.s.web.servlet.DispatcherServlet        : Initializing Servlet 'dispatcherServlet'
2019-12-12 08:54:02.089  INFO 35888 --- [http-nio-8080-exec-10] o.s.web.servlet.DispatcherServlet        : Completed initialization in 20 ms
2019-12-12 08:54:02.202 ERROR 35888 --- [http-nio-8080-exec-10] c.f.s.d.s.AuthenticationEntryPoint       : Unauthorized
2019-12-12 08:55:25.256 ERROR 35888 --- [http-nio-8080-exec-3] c.f.s.d.s.AuthenticationEntryPoint       : Unauthorized
2019-12-12 08:55:25.261 ERROR 35888 --- [http-nio-8080-exec-3] c.f.s.d.s.AuthenticationEntryPoint       : Unauthorized
2019-12-12 08:55:30.640 ERROR 35888 --- [http-nio-8080-exec-4] c.f.s.d.s.AuthenticationEntryPoint       : Unauthorized
2019-12-12 08:55:30.642 ERROR 35888 --- [http-nio-8080-exec-4] c.f.s.d.s.AuthenticationEntryPoint       : Unauthorized
2019-12-12 08:55:49.379  INFO 35888 --- [Thread-5] o.s.s.concurrent.ThreadPoolTaskExecutor  : Shutting down ExecutorService 'applicationTaskExecutor'
2019-12-12 08:55:49.383  INFO 35888 --- [Thread-5] j.LocalContainerEntityManagerFactoryBean : Closing JPA EntityManagerFactory for persistence unit 'default'
2019-12-12 08:55:49.384  INFO 35888 --- [Thread-5] .SchemaDropperImpl$DelayedDropActionImpl : HHH000477: Starting delayed evictData of schema as part of SessionFactory shut-down'
2019-12-12 08:55:49.593  WARN 35888 --- [Thread-5] o.s.b.f.support.DisposableBeanAdapter    : Invocation of destroy method failed on bean with name 'inMemoryDatabaseShutdownExecutor': org.h2.jdbc.JdbcSQLNonTransientConnectionException: Database is already closed (to disable automatic closing at VM shutdown, add ";DB_CLOSE_ON_EXIT=FALSE" to the db URL) [90121-200]
2019-12-12 08:55:49.594  INFO 35888 --- [Thread-5] com.zaxxer.hikari.HikariDataSource       : HikariPool-1 - Shutdown initiated...
2019-12-12 08:55:49.601  INFO 35888 --- [Thread-5] com.zaxxer.hikari.HikariDataSource       : HikariPool-1 - Shutdown completed.
2019-12-12 08:55:50.241  INFO 35888 --- [restartedMain] com.foxtel.spring.demo.Application       : Starting Application on LT470FD5 with PID 35888 (C:\VisualStudioCodeWorkspace\demo\bin\main started by nagarajr in c:\VisualStudioCodeWorkspace\demo)
2019-12-12 08:55:50.242 DEBUG 35888 --- [restartedMain] com.foxtel.spring.demo.Application       : Running with Spring Boot v2.2.1.RELEASE, Spring v5.2.1.RELEASE
2019-12-12 08:55:50.243  INFO 35888 --- [restartedMain] com.foxtel.spring.demo.Application       : No active profile set, falling back to default profiles: default
2019-12-12 08:55:51.405  INFO 35888 --- [restartedMain] .s.d.r.c.RepositoryConfigurationDelegate : Multiple Spring Data modules found, entering strict repository configuration mode!
2019-12-12 08:55:51.408  INFO 35888 --- [restartedMain] .s.d.r.c.RepositoryConfigurationDelegate : Bootstrapping Spring Data repositories in DEFAULT mode.
2019-12-12 08:55:51.423  INFO 35888 --- [restartedMain] .s.d.r.c.RepositoryConfigurationDelegate : Finished Spring Data repository scanning in 14ms. Found 0 repository interfaces.
2019-12-12 08:55:51.448  INFO 35888 --- [restartedMain] .s.d.r.c.RepositoryConfigurationDelegate : Multiple Spring Data modules found, entering strict repository configuration mode!
2019-12-12 08:55:51.459  INFO 35888 --- [restartedMain] .s.d.r.c.RepositoryConfigurationDelegate : Bootstrapping Spring Data repositories in DEFAULT mode.
2019-12-12 08:55:51.519  INFO 35888 --- [restartedMain] .s.d.r.c.RepositoryConfigurationDelegate : Finished Spring Data repository scanning in 17ms. Found 0 repository interfaces.
2019-12-12 08:55:51.742  INFO 35888 --- [restartedMain] trationDelegate$BeanPostProcessorChecker : Bean 'org.springframework.ws.config.annotation.DelegatingWsConfiguration' of type [org.springframework.ws.config.annotation.DelegatingWsConfiguration$$EnhancerBySpringCGLIB$$b590630c] is not eligible for getting processed by all BeanPostProcessors (for example: not eligible for auto-proxying)
2019-12-12 08:55:51.772  INFO 35888 --- [restartedMain] .w.s.a.s.AnnotationActionEndpointMapping : Supporting [WS-Addressing August 2004, WS-Addressing 1.0]
2019-12-12 08:55:51.803  INFO 35888 --- [restartedMain] trationDelegate$BeanPostProcessorChecker : Bean 'org.springframework.transaction.annotation.ProxyTransactionManagementConfiguration' of type [org.springframework.transaction.annotation.ProxyTransactionManagementConfiguration] is not eligible for getting processed by all BeanPostProcessors (for example: not eligible for auto-proxying)
2019-12-12 08:55:51.927  WARN 35888 --- [restartedMain] org.apache.tomcat.util.modeler.Registry  : The MBean registry cannot be disabled because it has already been initialised
2019-12-12 08:55:52.316  INFO 35888 --- [restartedMain] o.s.b.w.embedded.tomcat.TomcatWebServer  : Tomcat initialized with port(s): 8080 (http)
2019-12-12 08:55:52.336  INFO 35888 --- [restartedMain] o.apache.catalina.core.StandardService   : Starting service [Tomcat]
2019-12-12 08:55:52.346  INFO 35888 --- [restartedMain] org.apache.catalina.core.StandardEngine  : Starting Servlet engine: [Apache Tomcat/9.0.27]
2019-12-12 08:55:52.384  INFO 35888 --- [restartedMain] o.a.c.c.C.[Tomcat].[localhost].[/]       : Initializing Spring embedded WebApplicationContext
2019-12-12 08:55:52.390  INFO 35888 --- [restartedMain] o.s.web.context.ContextLoader            : Root WebApplicationContext: initialization completed in 2141 ms
2019-12-12 08:55:52.504  INFO 35888 --- [restartedMain] com.zaxxer.hikari.HikariDataSource       : HikariPool-2 - Starting...
2019-12-12 08:55:52.520  INFO 35888 --- [restartedMain] com.zaxxer.hikari.HikariDataSource       : HikariPool-2 - Start completed.
2019-12-12 08:55:53.588  INFO 35888 --- [restartedMain] o.s.b.a.h2.H2ConsoleAutoConfiguration    : H2 console available at '/h2-console'. Database available at 'jdbc:h2:mem:testdb'
2019-12-12 08:55:53.942  INFO 35888 --- [restartedMain] o.s.b.d.a.OptionalLiveReloadServer       : LiveReload server is running on port 35729
2019-12-12 08:55:53.979  INFO 35888 --- [restartedMain] o.hibernate.jpa.internal.util.LogHelper  : HHH000204: Processing PersistenceUnitInfo [name: default]
2019-12-12 08:55:53.989  INFO 35888 --- [restartedMain] org.hibernate.dialect.Dialect            : HHH000400: Using dialect: org.hibernate.dialect.H2Dialect
2019-12-12 08:55:54.011  INFO 35888 --- [restartedMain] o.h.e.t.j.p.i.JtaPlatformInitiator       : HHH000490: Using JtaPlatform implementation: [org.hibernate.engine.transaction.jta.platform.internal.NoJtaPlatform]
2019-12-12 08:55:54.019  INFO 35888 --- [restartedMain] j.LocalContainerEntityManagerFactoryBean : Initialized JPA EntityManagerFactory for persistence unit 'default'
2019-12-12 08:55:54.103  WARN 35888 --- [restartedMain] JpaBaseConfiguration$JpaWebConfiguration : spring.jpa.open-in-view is enabled by default. Therefore, database queries may be performed during view rendering. Explicitly configure spring.jpa.open-in-view to disable this warning
2019-12-12 08:55:54.502  INFO 35888 --- [restartedMain] o.s.b.a.e.web.EndpointLinksResolver      : Exposing 15 endpoint(s) beneath base path '/flights'
2019-12-12 08:55:54.646  INFO 35888 --- [restartedMain] o.s.s.web.DefaultSecurityFilterChain     : Creating filter chain: any request, [org.springframework.security.web.context.request.async.WebAsyncManagerIntegrationFilter@695e7c77, org.springframework.security.web.context.SecurityContextPersistenceFilter@56d6f7fe, org.springframework.security.web.header.HeaderWriterFilter@172b908e, org.springframework.security.web.csrf.CsrfFilter@e21e0c9, org.springframework.security.web.authentication.logout.LogoutFilter@16e5956, org.springframework.security.web.authentication.www.BasicAuthenticationFilter@3931227d, org.springframework.security.web.savedrequest.RequestCacheAwareFilter@7fb5643a, org.springframework.security.web.servletapi.SecurityContextHolderAwareRequestFilter@345134a2, org.springframework.security.web.authentication.AnonymousAuthenticationFilter@707b91c4, org.springframework.security.web.session.SessionManagementFilter@57707271, org.springframework.security.web.access.ExceptionTranslationFilter@8142bdd, org.springframework.security.web.access.intercept.FilterSecurityInterceptor@6c1dc5ab]
2019-12-12 08:55:54.685  INFO 35888 --- [restartedMain] pertySourcedRequestMappingHandlerMapping : Mapped URL path [/v2/api-docs] onto method [springfox.documentation.swagger2.web.Swagger2Controller#getDocumentation(String, HttpServletRequest)]
2019-12-12 08:55:54.871  INFO 35888 --- [restartedMain] o.s.s.concurrent.ThreadPoolTaskExecutor  : Initializing ExecutorService 'applicationTaskExecutor'
2019-12-12 08:55:55.176  INFO 35888 --- [restartedMain] d.s.w.p.DocumentationPluginsBootstrapper : Context refreshed
2019-12-12 08:55:55.185  INFO 35888 --- [restartedMain] d.s.w.p.DocumentationPluginsBootstrapper : Found 1 custom documentation plugin(s)
2019-12-12 08:55:55.200  INFO 35888 --- [restartedMain] s.d.s.w.s.ApiListingReferenceScanner     : Scanning for api listing references
2019-12-12 08:55:55.254  INFO 35888 --- [restartedMain] .d.s.w.r.o.CachingOperationNameGenerator : Generating unique operation named: handleUsingGET_1
2019-12-12 08:55:55.265  INFO 35888 --- [restartedMain] .d.s.w.r.o.CachingOperationNameGenerator : Generating unique operation named: handleUsingGET_2
2019-12-12 08:55:55.268  INFO 35888 --- [restartedMain] .d.s.w.r.o.CachingOperationNameGenerator : Generating unique operation named: handleUsingDELETE_1
2019-12-12 08:55:55.272  INFO 35888 --- [restartedMain] .d.s.w.r.o.CachingOperationNameGenerator : Generating unique operation named: handleUsingGET_3
2019-12-12 08:55:55.274  INFO 35888 --- [restartedMain] .d.s.w.r.o.CachingOperationNameGenerator : Generating unique operation named: handleUsingGET_4
2019-12-12 08:55:55.293  INFO 35888 --- [restartedMain] .d.s.w.r.o.CachingOperationNameGenerator : Generating unique operation named: handleUsingGET_5
2019-12-12 08:55:55.299  INFO 35888 --- [restartedMain] .d.s.w.r.o.CachingOperationNameGenerator : Generating unique operation named: handleUsingGET_6
2019-12-12 08:55:55.304  INFO 35888 --- [restartedMain] .d.s.w.r.o.CachingOperationNameGenerator : Generating unique operation named: handleUsingGET_7
2019-12-12 08:55:55.310  INFO 35888 --- [restartedMain] .d.s.w.r.o.CachingOperationNameGenerator : Generating unique operation named: handleUsingGET_8
2019-12-12 08:55:55.315  INFO 35888 --- [restartedMain] .d.s.w.r.o.CachingOperationNameGenerator : Generating unique operation named: handleUsingGET_9
2019-12-12 08:55:55.318  INFO 35888 --- [restartedMain] .d.s.w.r.o.CachingOperationNameGenerator : Generating unique operation named: handleUsingGET_10
2019-12-12 08:55:55.320  INFO 35888 --- [restartedMain] .d.s.w.r.o.CachingOperationNameGenerator : Generating unique operation named: handleUsingGET_11
2019-12-12 08:55:55.323  INFO 35888 --- [restartedMain] .d.s.w.r.o.CachingOperationNameGenerator : Generating unique operation named: handleUsingGET_12
2019-12-12 08:55:55.326  INFO 35888 --- [restartedMain] .d.s.w.r.o.CachingOperationNameGenerator : Generating unique operation named: handleUsingGET_13
2019-12-12 08:55:55.332  INFO 35888 --- [restartedMain] .d.s.w.r.o.CachingOperationNameGenerator : Generating unique operation named: handleUsingGET_14
2019-12-12 08:55:55.348  INFO 35888 --- [restartedMain] .d.s.w.r.o.CachingOperationNameGenerator : Generating unique operation named: handleUsingGET_15
2019-12-12 08:55:55.359  INFO 35888 --- [restartedMain] .d.s.w.r.o.CachingOperationNameGenerator : Generating unique operation named: handleUsingGET_16
2019-12-12 08:55:55.368  INFO 35888 --- [restartedMain] .d.s.w.r.o.CachingOperationNameGenerator : Generating unique operation named: handleUsingGET_17
2019-12-12 08:55:55.380  INFO 35888 --- [restartedMain] .d.s.w.r.o.CachingOperationNameGenerator : Generating unique operation named: handleUsingPOST_1
2019-12-12 08:55:55.402  INFO 35888 --- [restartedMain] .d.s.w.r.o.CachingOperationNameGenerator : Generating unique operation named: handleUsingGET_18
2019-12-12 08:55:55.453  INFO 35888 --- [restartedMain] o.s.b.w.embedded.tomcat.TomcatWebServer  : Tomcat started on port(s): 8080 (http) with context path ''
2019-12-12 08:55:55.467  INFO 35888 --- [restartedMain] com.foxtel.spring.demo.Application       : Started Application in 5.282 seconds (JVM running for 132.5)
2019-12-12 08:55:55.479  INFO 35888 --- [restartedMain] .ConditionEvaluationDeltaLoggingListener : Condition evaluation unchanged
2019-12-12 08:55:59.069  INFO 35888 --- [http-nio-8080-exec-2] o.a.c.c.C.[Tomcat].[localhost].[/]       : Initializing Spring DispatcherServlet 'dispatcherServlet'
2019-12-12 08:55:59.071  INFO 35888 --- [http-nio-8080-exec-2] o.s.web.servlet.DispatcherServlet        : Initializing Servlet 'dispatcherServlet'
2019-12-12 08:55:59.078  INFO 35888 --- [http-nio-8080-exec-2] o.s.web.servlet.DispatcherServlet        : Completed initialization in 7 ms
2019-12-12 08:55:59.279 ERROR 35888 --- [http-nio-8080-exec-2] c.f.s.d.s.AuthenticationEntryPoint       : Unauthorized
2019-12-12 08:55:59.282 ERROR 35888 --- [http-nio-8080-exec-2] c.f.s.d.s.AuthenticationEntryPoint       : Unauthorized
2019-12-12 08:56:05.377 ERROR 35888 --- [http-nio-8080-exec-3] c.f.s.d.s.AuthenticationEntryPoint       : Unauthorized
2019-12-12 08:56:05.381 ERROR 35888 --- [http-nio-8080-exec-3] c.f.s.d.s.AuthenticationEntryPoint       : Unauthorized
2019-12-12 08:56:14.845  INFO 35888 --- [Thread-9] o.s.s.concurrent.ThreadPoolTaskExecutor  : Shutting down ExecutorService 'applicationTaskExecutor'
2019-12-12 08:56:14.848  INFO 35888 --- [Thread-9] j.LocalContainerEntityManagerFactoryBean : Closing JPA EntityManagerFactory for persistence unit 'default'
2019-12-12 08:56:14.849  INFO 35888 --- [Thread-9] .SchemaDropperImpl$DelayedDropActionImpl : HHH000477: Starting delayed evictData of schema as part of SessionFactory shut-down'
2019-12-12 08:56:15.051  WARN 35888 --- [Thread-9] o.s.b.f.support.DisposableBeanAdapter    : Invocation of destroy method failed on bean with name 'inMemoryDatabaseShutdownExecutor': org.h2.jdbc.JdbcSQLNonTransientConnectionException: Database is already closed (to disable automatic closing at VM shutdown, add ";DB_CLOSE_ON_EXIT=FALSE" to the db URL) [90121-200]
2019-12-12 08:56:15.052  INFO 35888 --- [Thread-9] com.zaxxer.hikari.HikariDataSource       : HikariPool-2 - Shutdown initiated...
2019-12-12 08:56:15.056  INFO 35888 --- [Thread-9] com.zaxxer.hikari.HikariDataSource       : HikariPool-2 - Shutdown completed.
2019-12-12 08:56:15.823  INFO 35888 --- [restartedMain] com.foxtel.spring.demo.Application       : Starting Application on LT470FD5 with PID 35888 (C:\VisualStudioCodeWorkspace\demo\bin\main started by nagarajr in c:\VisualStudioCodeWorkspace\demo)
2019-12-12 08:56:15.825 DEBUG 35888 --- [restartedMain] com.foxtel.spring.demo.Application       : Running with Spring Boot v2.2.1.RELEASE, Spring v5.2.1.RELEASE
2019-12-12 08:56:15.826  INFO 35888 --- [restartedMain] com.foxtel.spring.demo.Application       : No active profile set, falling back to default profiles: default
2019-12-12 08:56:16.807  INFO 35888 --- [restartedMain] .s.d.r.c.RepositoryConfigurationDelegate : Multiple Spring Data modules found, entering strict repository configuration mode!
2019-12-12 08:56:16.808  INFO 35888 --- [restartedMain] .s.d.r.c.RepositoryConfigurationDelegate : Bootstrapping Spring Data repositories in DEFAULT mode.
2019-12-12 08:56:16.822  INFO 35888 --- [restartedMain] .s.d.r.c.RepositoryConfigurationDelegate : Finished Spring Data repository scanning in 13ms. Found 0 repository interfaces.
2019-12-12 08:56:16.828  INFO 35888 --- [restartedMain] .s.d.r.c.RepositoryConfigurationDelegate : Multiple Spring Data modules found, entering strict repository configuration mode!
2019-12-12 08:56:16.829  INFO 35888 --- [restartedMain] .s.d.r.c.RepositoryConfigurationDelegate : Bootstrapping Spring Data repositories in DEFAULT mode.
2019-12-12 08:56:16.838  INFO 35888 --- [restartedMain] .s.d.r.c.RepositoryConfigurationDelegate : Finished Spring Data repository scanning in 7ms. Found 0 repository interfaces.
2019-12-12 08:56:16.987  INFO 35888 --- [restartedMain] trationDelegate$BeanPostProcessorChecker : Bean 'org.springframework.ws.config.annotation.DelegatingWsConfiguration' of type [org.springframework.ws.config.annotation.DelegatingWsConfiguration$$EnhancerBySpringCGLIB$$b590630c] is not eligible for getting processed by all BeanPostProcessors (for example: not eligible for auto-proxying)
2019-12-12 08:56:16.998  INFO 35888 --- [restartedMain] .w.s.a.s.AnnotationActionEndpointMapping : Supporting [WS-Addressing August 2004, WS-Addressing 1.0]
2019-12-12 08:56:17.019  INFO 35888 --- [restartedMain] trationDelegate$BeanPostProcessorChecker : Bean 'org.springframework.transaction.annotation.ProxyTransactionManagementConfiguration' of type [org.springframework.transaction.annotation.ProxyTransactionManagementConfiguration] is not eligible for getting processed by all BeanPostProcessors (for example: not eligible for auto-proxying)
2019-12-12 08:56:17.117  WARN 35888 --- [restartedMain] org.apache.tomcat.util.modeler.Registry  : The MBean registry cannot be disabled because it has already been initialised
2019-12-12 08:56:17.530  INFO 35888 --- [restartedMain] o.s.b.w.embedded.tomcat.TomcatWebServer  : Tomcat initialized with port(s): 8080 (http)
2019-12-12 08:56:17.533  INFO 35888 --- [restartedMain] o.apache.catalina.core.StandardService   : Starting service [Tomcat]
2019-12-12 08:56:17.535  INFO 35888 --- [restartedMain] org.apache.catalina.core.StandardEngine  : Starting Servlet engine: [Apache Tomcat/9.0.27]
2019-12-12 08:56:17.555  INFO 35888 --- [restartedMain] o.a.c.c.C.[Tomcat].[localhost].[/]       : Initializing Spring embedded WebApplicationContext
2019-12-12 08:56:17.558  INFO 35888 --- [restartedMain] o.s.web.context.ContextLoader            : Root WebApplicationContext: initialization completed in 1726 ms
2019-12-12 08:56:17.673  INFO 35888 --- [restartedMain] com.zaxxer.hikari.HikariDataSource       : HikariPool-3 - Starting...
2019-12-12 08:56:17.723  INFO 35888 --- [restartedMain] com.zaxxer.hikari.HikariDataSource       : HikariPool-3 - Start completed.
2019-12-12 08:56:18.406  INFO 35888 --- [restartedMain] o.s.b.a.h2.H2ConsoleAutoConfiguration    : H2 console available at '/h2-console'. Database available at 'jdbc:h2:mem:testdb'
2019-12-12 08:56:18.637  INFO 35888 --- [restartedMain] o.s.b.d.a.OptionalLiveReloadServer       : LiveReload server is running on port 35729
2019-12-12 08:56:18.696  INFO 35888 --- [restartedMain] o.hibernate.jpa.internal.util.LogHelper  : HHH000204: Processing PersistenceUnitInfo [name: default]
2019-12-12 08:56:18.734  INFO 35888 --- [restartedMain] org.hibernate.dialect.Dialect            : HHH000400: Using dialect: org.hibernate.dialect.H2Dialect
2019-12-12 08:56:18.824  INFO 35888 --- [restartedMain] o.h.e.t.j.p.i.JtaPlatformInitiator       : HHH000490: Using JtaPlatform implementation: [org.hibernate.engine.transaction.jta.platform.internal.NoJtaPlatform]
2019-12-12 08:56:18.867  INFO 35888 --- [restartedMain] j.LocalContainerEntityManagerFactoryBean : Initialized JPA EntityManagerFactory for persistence unit 'default'
2019-12-12 08:56:19.031  WARN 35888 --- [restartedMain] JpaBaseConfiguration$JpaWebConfiguration : spring.jpa.open-in-view is enabled by default. Therefore, database queries may be performed during view rendering. Explicitly configure spring.jpa.open-in-view to disable this warning
2019-12-12 08:56:19.318  INFO 35888 --- [restartedMain] o.s.b.a.e.web.EndpointLinksResolver      : Exposing 15 endpoint(s) beneath base path '/flights'
2019-12-12 08:56:19.437  INFO 35888 --- [restartedMain] o.s.s.web.DefaultSecurityFilterChain     : Creating filter chain: any request, [org.springframework.security.web.context.request.async.WebAsyncManagerIntegrationFilter@5b470628, org.springframework.security.web.context.SecurityContextPersistenceFilter@256ce589, org.springframework.security.web.header.HeaderWriterFilter@485c165e, org.springframework.security.web.csrf.CsrfFilter@61ddeba8, org.springframework.security.web.authentication.logout.LogoutFilter@23ba105f, org.springframework.security.web.authentication.www.BasicAuthenticationFilter@4dfaf90e, org.springframework.security.web.savedrequest.RequestCacheAwareFilter@74fe2a61, org.springframework.security.web.servletapi.SecurityContextHolderAwareRequestFilter@5c383c46, org.springframework.security.web.authentication.AnonymousAuthenticationFilter@608483fd, org.springframework.security.web.session.SessionManagementFilter@2be2cbf6, org.springframework.security.web.access.ExceptionTranslationFilter@7e45e0cd, org.springframework.security.web.access.intercept.FilterSecurityInterceptor@5c712932]
2019-12-12 08:56:19.543  INFO 35888 --- [restartedMain] pertySourcedRequestMappingHandlerMapping : Mapped URL path [/v2/api-docs] onto method [springfox.documentation.swagger2.web.Swagger2Controller#getDocumentation(String, HttpServletRequest)]
2019-12-12 08:56:19.625  INFO 35888 --- [restartedMain] o.s.s.concurrent.ThreadPoolTaskExecutor  : Initializing ExecutorService 'applicationTaskExecutor'
2019-12-12 08:56:19.855  INFO 35888 --- [restartedMain] d.s.w.p.DocumentationPluginsBootstrapper : Context refreshed
2019-12-12 08:56:19.856  INFO 35888 --- [restartedMain] d.s.w.p.DocumentationPluginsBootstrapper : Found 1 custom documentation plugin(s)
2019-12-12 08:56:19.870  INFO 35888 --- [restartedMain] s.d.s.w.s.ApiListingReferenceScanner     : Scanning for api listing references
2019-12-12 08:56:19.919  INFO 35888 --- [restartedMain] .d.s.w.r.o.CachingOperationNameGenerator : Generating unique operation named: handleUsingGET_1
2019-12-12 08:56:19.923  INFO 35888 --- [restartedMain] .d.s.w.r.o.CachingOperationNameGenerator : Generating unique operation named: handleUsingGET_2
2019-12-12 08:56:19.928  INFO 35888 --- [restartedMain] .d.s.w.r.o.CachingOperationNameGenerator : Generating unique operation named: handleUsingDELETE_1
2019-12-12 08:56:19.930  INFO 35888 --- [restartedMain] .d.s.w.r.o.CachingOperationNameGenerator : Generating unique operation named: handleUsingGET_3
2019-12-12 08:56:19.933  INFO 35888 --- [restartedMain] .d.s.w.r.o.CachingOperationNameGenerator : Generating unique operation named: handleUsingGET_4
2019-12-12 08:56:19.935  INFO 35888 --- [restartedMain] .d.s.w.r.o.CachingOperationNameGenerator : Generating unique operation named: handleUsingGET_5
2019-12-12 08:56:19.937  INFO 35888 --- [restartedMain] .d.s.w.r.o.CachingOperationNameGenerator : Generating unique operation named: handleUsingGET_6
2019-12-12 08:56:19.939  INFO 35888 --- [restartedMain] .d.s.w.r.o.CachingOperationNameGenerator : Generating unique operation named: handleUsingGET_7
2019-12-12 08:56:19.944  INFO 35888 --- [restartedMain] .d.s.w.r.o.CachingOperationNameGenerator : Generating unique operation named: handleUsingGET_8
2019-12-12 08:56:19.947  INFO 35888 --- [restartedMain] .d.s.w.r.o.CachingOperationNameGenerator : Generating unique operation named: handleUsingGET_9
2019-12-12 08:56:19.957  INFO 35888 --- [restartedMain] .d.s.w.r.o.CachingOperationNameGenerator : Generating unique operation named: handleUsingGET_10
2019-12-12 08:56:19.962  INFO 35888 --- [restartedMain] .d.s.w.r.o.CachingOperationNameGenerator : Generating unique operation named: handleUsingGET_11
2019-12-12 08:56:19.968  INFO 35888 --- [restartedMain] .d.s.w.r.o.CachingOperationNameGenerator : Generating unique operation named: handleUsingGET_12
2019-12-12 08:56:19.971  INFO 35888 --- [restartedMain] .d.s.w.r.o.CachingOperationNameGenerator : Generating unique operation named: handleUsingGET_13
2019-12-12 08:56:19.973  INFO 35888 --- [restartedMain] .d.s.w.r.o.CachingOperationNameGenerator : Generating unique operation named: handleUsingGET_14
2019-12-12 08:56:19.979  INFO 35888 --- [restartedMain] .d.s.w.r.o.CachingOperationNameGenerator : Generating unique operation named: handleUsingGET_15
2019-12-12 08:56:19.990  INFO 35888 --- [restartedMain] .d.s.w.r.o.CachingOperationNameGenerator : Generating unique operation named: handleUsingGET_16
2019-12-12 08:56:20.001  INFO 35888 --- [restartedMain] .d.s.w.r.o.CachingOperationNameGenerator : Generating unique operation named: handleUsingGET_17
2019-12-12 08:56:20.005  INFO 35888 --- [restartedMain] .d.s.w.r.o.CachingOperationNameGenerator : Generating unique operation named: handleUsingPOST_1
2019-12-12 08:56:20.011  INFO 35888 --- [restartedMain] .d.s.w.r.o.CachingOperationNameGenerator : Generating unique operation named: handleUsingGET_18
2019-12-12 08:56:20.062  INFO 35888 --- [restartedMain] o.s.b.w.embedded.tomcat.TomcatWebServer  : Tomcat started on port(s): 8080 (http) with context path ''
2019-12-12 08:56:20.066  INFO 35888 --- [restartedMain] com.foxtel.spring.demo.Application       : Started Application in 4.32 seconds (JVM running for 157.098)
2019-12-12 08:56:20.068  INFO 35888 --- [restartedMain] .ConditionEvaluationDeltaLoggingListener : Condition evaluation unchanged
2019-12-12 08:56:23.197  INFO 35888 --- [http-nio-8080-exec-2] o.a.c.c.C.[Tomcat].[localhost].[/]       : Initializing Spring DispatcherServlet 'dispatcherServlet'
2019-12-12 08:56:23.201  INFO 35888 --- [http-nio-8080-exec-2] o.s.web.servlet.DispatcherServlet        : Initializing Servlet 'dispatcherServlet'
2019-12-12 08:56:23.207  INFO 35888 --- [http-nio-8080-exec-2] o.s.web.servlet.DispatcherServlet        : Completed initialization in 4 ms
2019-12-12 08:56:23.420 ERROR 35888 --- [http-nio-8080-exec-2] c.f.s.d.s.AuthenticationEntryPoint       : Unauthorized
2019-12-12 08:56:23.422 ERROR 35888 --- [http-nio-8080-exec-2] c.f.s.d.s.AuthenticationEntryPoint       : Unauthorized
2019-12-12 08:56:31.421  INFO 35888 --- [Thread-15] o.s.s.concurrent.ThreadPoolTaskExecutor  : Shutting down ExecutorService 'applicationTaskExecutor'
2019-12-12 08:56:31.429  INFO 35888 --- [Thread-15] j.LocalContainerEntityManagerFactoryBean : Closing JPA EntityManagerFactory for persistence unit 'default'
2019-12-12 08:56:31.438  INFO 35888 --- [Thread-15] .SchemaDropperImpl$DelayedDropActionImpl : HHH000477: Starting delayed evictData of schema as part of SessionFactory shut-down'
2019-12-12 08:56:31.642  WARN 35888 --- [Thread-15] o.s.b.f.support.DisposableBeanAdapter    : Invocation of destroy method failed on bean with name 'inMemoryDatabaseShutdownExecutor': org.h2.jdbc.JdbcSQLNonTransientConnectionException: Database is already closed (to disable automatic closing at VM shutdown, add ";DB_CLOSE_ON_EXIT=FALSE" to the db URL) [90121-200]
2019-12-12 08:56:31.644  INFO 35888 --- [Thread-15] com.zaxxer.hikari.HikariDataSource       : HikariPool-3 - Shutdown initiated...
2019-12-12 08:56:31.650  INFO 35888 --- [Thread-15] com.zaxxer.hikari.HikariDataSource       : HikariPool-3 - Shutdown completed.
2019-12-12 08:56:32.334  INFO 35888 --- [restartedMain] com.foxtel.spring.demo.Application       : Starting Application on LT470FD5 with PID 35888 (C:\VisualStudioCodeWorkspace\demo\bin\main started by nagarajr in c:\VisualStudioCodeWorkspace\demo)
2019-12-12 08:56:32.335 DEBUG 35888 --- [restartedMain] com.foxtel.spring.demo.Application       : Running with Spring Boot v2.2.1.RELEASE, Spring v5.2.1.RELEASE
2019-12-12 08:56:32.336  INFO 35888 --- [restartedMain] com.foxtel.spring.demo.Application       : No active profile set, falling back to default profiles: default
2019-12-12 08:56:33.306  INFO 35888 --- [restartedMain] .s.d.r.c.RepositoryConfigurationDelegate : Multiple Spring Data modules found, entering strict repository configuration mode!
2019-12-12 08:56:33.309  INFO 35888 --- [restartedMain] .s.d.r.c.RepositoryConfigurationDelegate : Bootstrapping Spring Data repositories in DEFAULT mode.
2019-12-12 08:56:33.332  INFO 35888 --- [restartedMain] .s.d.r.c.RepositoryConfigurationDelegate : Finished Spring Data repository scanning in 16ms. Found 0 repository interfaces.
2019-12-12 08:56:33.353  INFO 35888 --- [restartedMain] .s.d.r.c.RepositoryConfigurationDelegate : Multiple Spring Data modules found, entering strict repository configuration mode!
2019-12-12 08:56:33.356  INFO 35888 --- [restartedMain] .s.d.r.c.RepositoryConfigurationDelegate : Bootstrapping Spring Data repositories in DEFAULT mode.
2019-12-12 08:56:33.366  INFO 35888 --- [restartedMain] .s.d.r.c.RepositoryConfigurationDelegate : Finished Spring Data repository scanning in 7ms. Found 0 repository interfaces.
2019-12-12 08:56:33.500  INFO 35888 --- [restartedMain] trationDelegate$BeanPostProcessorChecker : Bean 'org.springframework.ws.config.annotation.DelegatingWsConfiguration' of type [org.springframework.ws.config.annotation.DelegatingWsConfiguration$$EnhancerBySpringCGLIB$$b590630c] is not eligible for getting processed by all BeanPostProcessors (for example: not eligible for auto-proxying)
2019-12-12 08:56:33.505  INFO 35888 --- [restartedMain] .w.s.a.s.AnnotationActionEndpointMapping : Supporting [WS-Addressing August 2004, WS-Addressing 1.0]
2019-12-12 08:56:33.517  INFO 35888 --- [restartedMain] trationDelegate$BeanPostProcessorChecker : Bean 'org.springframework.transaction.annotation.ProxyTransactionManagementConfiguration' of type [org.springframework.transaction.annotation.ProxyTransactionManagementConfiguration] is not eligible for getting processed by all BeanPostProcessors (for example: not eligible for auto-proxying)
2019-12-12 08:56:33.624  WARN 35888 --- [restartedMain] org.apache.tomcat.util.modeler.Registry  : The MBean registry cannot be disabled because it has already been initialised
2019-12-12 08:56:33.839  INFO 35888 --- [restartedMain] o.s.b.w.embedded.tomcat.TomcatWebServer  : Tomcat initialized with port(s): 8080 (http)
2019-12-12 08:56:33.840  INFO 35888 --- [restartedMain] o.apache.catalina.core.StandardService   : Starting service [Tomcat]
2019-12-12 08:56:33.841  INFO 35888 --- [restartedMain] org.apache.catalina.core.StandardEngine  : Starting Servlet engine: [Apache Tomcat/9.0.27]
2019-12-12 08:56:33.852  INFO 35888 --- [restartedMain] o.a.c.c.C.[Tomcat].[localhost].[/]       : Initializing Spring embedded WebApplicationContext
2019-12-12 08:56:33.852  INFO 35888 --- [restartedMain] o.s.web.context.ContextLoader            : Root WebApplicationContext: initialization completed in 1511 ms
2019-12-12 08:56:33.914  INFO 35888 --- [restartedMain] com.zaxxer.hikari.HikariDataSource       : HikariPool-4 - Starting...
2019-12-12 08:56:33.922  INFO 35888 --- [restartedMain] com.zaxxer.hikari.HikariDataSource       : HikariPool-4 - Start completed.
2019-12-12 08:56:34.402  INFO 35888 --- [restartedMain] o.s.b.a.h2.H2ConsoleAutoConfiguration    : H2 console available at '/h2-console'. Database available at 'jdbc:h2:mem:testdb'
2019-12-12 08:56:34.547  INFO 35888 --- [restartedMain] o.s.b.d.a.OptionalLiveReloadServer       : LiveReload server is running on port 35729
2019-12-12 08:56:34.581  INFO 35888 --- [restartedMain] o.hibernate.jpa.internal.util.LogHelper  : HHH000204: Processing PersistenceUnitInfo [name: default]
2019-12-12 08:56:34.589  INFO 35888 --- [restartedMain] org.hibernate.dialect.Dialect            : HHH000400: Using dialect: org.hibernate.dialect.H2Dialect
2019-12-12 08:56:34.610  INFO 35888 --- [restartedMain] o.h.e.t.j.p.i.JtaPlatformInitiator       : HHH000490: Using JtaPlatform implementation: [org.hibernate.engine.transaction.jta.platform.internal.NoJtaPlatform]
2019-12-12 08:56:34.610  INFO 35888 --- [restartedMain] j.LocalContainerEntityManagerFactoryBean : Initialized JPA EntityManagerFactory for persistence unit 'default'
2019-12-12 08:56:34.684  WARN 35888 --- [restartedMain] JpaBaseConfiguration$JpaWebConfiguration : spring.jpa.open-in-view is enabled by default. Therefore, database queries may be performed during view rendering. Explicitly configure spring.jpa.open-in-view to disable this warning
2019-12-12 08:56:34.934  INFO 35888 --- [restartedMain] o.s.b.a.e.web.EndpointLinksResolver      : Exposing 15 endpoint(s) beneath base path '/flights'
2019-12-12 08:56:35.024  INFO 35888 --- [restartedMain] o.s.s.web.DefaultSecurityFilterChain     : Creating filter chain: any request, [org.springframework.security.web.context.request.async.WebAsyncManagerIntegrationFilter@78f651e, org.springframework.security.web.context.SecurityContextPersistenceFilter@55a6de53, org.springframework.security.web.header.HeaderWriterFilter@4535592e, org.springframework.security.web.csrf.CsrfFilter@6250902f, org.springframework.security.web.authentication.logout.LogoutFilter@151a4229, org.springframework.security.web.authentication.www.BasicAuthenticationFilter@60f06ce2, org.springframework.security.web.savedrequest.RequestCacheAwareFilter@259cd9bb, org.springframework.security.web.servletapi.SecurityContextHolderAwareRequestFilter@4a8f080f, org.springframework.security.web.authentication.AnonymousAuthenticationFilter@47eaeb0e, org.springframework.security.web.session.SessionManagementFilter@3311e1f6, org.springframework.security.web.access.ExceptionTranslationFilter@64b29f1b, org.springframework.security.web.access.intercept.FilterSecurityInterceptor@29607515]
2019-12-12 08:56:35.039  INFO 35888 --- [restartedMain] pertySourcedRequestMappingHandlerMapping : Mapped URL path [/v2/api-docs] onto method [springfox.documentation.swagger2.web.Swagger2Controller#getDocumentation(String, HttpServletRequest)]
2019-12-12 08:56:35.110  INFO 35888 --- [restartedMain] o.s.s.concurrent.ThreadPoolTaskExecutor  : Initializing ExecutorService 'applicationTaskExecutor'
2019-12-12 08:56:35.265  INFO 35888 --- [restartedMain] d.s.w.p.DocumentationPluginsBootstrapper : Context refreshed
2019-12-12 08:56:35.266  INFO 35888 --- [restartedMain] d.s.w.p.DocumentationPluginsBootstrapper : Found 1 custom documentation plugin(s)
2019-12-12 08:56:35.276  INFO 35888 --- [restartedMain] s.d.s.w.s.ApiListingReferenceScanner     : Scanning for api listing references
2019-12-12 08:56:35.331  INFO 35888 --- [restartedMain] .d.s.w.r.o.CachingOperationNameGenerator : Generating unique operation named: handleUsingGET_1
2019-12-12 08:56:35.361  INFO 35888 --- [restartedMain] .d.s.w.r.o.CachingOperationNameGenerator : Generating unique operation named: handleUsingGET_2
2019-12-12 08:56:35.365  INFO 35888 --- [restartedMain] .d.s.w.r.o.CachingOperationNameGenerator : Generating unique operation named: handleUsingDELETE_1
2019-12-12 08:56:35.367  INFO 35888 --- [restartedMain] .d.s.w.r.o.CachingOperationNameGenerator : Generating unique operation named: handleUsingGET_3
2019-12-12 08:56:35.377  INFO 35888 --- [restartedMain] .d.s.w.r.o.CachingOperationNameGenerator : Generating unique operation named: handleUsingGET_4
2019-12-12 08:56:35.379  INFO 35888 --- [restartedMain] .d.s.w.r.o.CachingOperationNameGenerator : Generating unique operation named: handleUsingGET_5
2019-12-12 08:56:35.382  INFO 35888 --- [restartedMain] .d.s.w.r.o.CachingOperationNameGenerator : Generating unique operation named: handleUsingGET_6
2019-12-12 08:56:35.384  INFO 35888 --- [restartedMain] .d.s.w.r.o.CachingOperationNameGenerator : Generating unique operation named: handleUsingGET_7
2019-12-12 08:56:35.387  INFO 35888 --- [restartedMain] .d.s.w.r.o.CachingOperationNameGenerator : Generating unique operation named: handleUsingGET_8
2019-12-12 08:56:35.389  INFO 35888 --- [restartedMain] .d.s.w.r.o.CachingOperationNameGenerator : Generating unique operation named: handleUsingGET_9
2019-12-12 08:56:35.394  INFO 35888 --- [restartedMain] .d.s.w.r.o.CachingOperationNameGenerator : Generating unique operation named: handleUsingGET_10
2019-12-12 08:56:35.401  INFO 35888 --- [restartedMain] .d.s.w.r.o.CachingOperationNameGenerator : Generating unique operation named: handleUsingGET_11
2019-12-12 08:56:35.409  INFO 35888 --- [restartedMain] .d.s.w.r.o.CachingOperationNameGenerator : Generating unique operation named: handleUsingGET_12
2019-12-12 08:56:35.414  INFO 35888 --- [restartedMain] .d.s.w.r.o.CachingOperationNameGenerator : Generating unique operation named: handleUsingGET_13
2019-12-12 08:56:35.417  INFO 35888 --- [restartedMain] .d.s.w.r.o.CachingOperationNameGenerator : Generating unique operation named: handleUsingGET_14
2019-12-12 08:56:35.424  INFO 35888 --- [restartedMain] .d.s.w.r.o.CachingOperationNameGenerator : Generating unique operation named: handleUsingGET_15
2019-12-12 08:56:35.427  INFO 35888 --- [restartedMain] .d.s.w.r.o.CachingOperationNameGenerator : Generating unique operation named: handleUsingGET_16
2019-12-12 08:56:35.429  INFO 35888 --- [restartedMain] .d.s.w.r.o.CachingOperationNameGenerator : Generating unique operation named: handleUsingGET_17
2019-12-12 08:56:35.434  INFO 35888 --- [restartedMain] .d.s.w.r.o.CachingOperationNameGenerator : Generating unique operation named: handleUsingPOST_1
2019-12-12 08:56:35.440  INFO 35888 --- [restartedMain] .d.s.w.r.o.CachingOperationNameGenerator : Generating unique operation named: handleUsingGET_18
2019-12-12 08:56:35.479  INFO 35888 --- [restartedMain] o.s.b.w.embedded.tomcat.TomcatWebServer  : Tomcat started on port(s): 8080 (http) with context path ''
2019-12-12 08:56:35.482  INFO 35888 --- [restartedMain] com.foxtel.spring.demo.Application       : Started Application in 3.212 seconds (JVM running for 172.515)
2019-12-12 08:56:35.486  INFO 35888 --- [restartedMain] .ConditionEvaluationDeltaLoggingListener : Condition evaluation unchanged
2019-12-12 08:57:56.626  INFO 35888 --- [Thread-20] o.s.s.concurrent.ThreadPoolTaskExecutor  : Shutting down ExecutorService 'applicationTaskExecutor'
2019-12-12 08:57:56.627  INFO 35888 --- [Thread-20] j.LocalContainerEntityManagerFactoryBean : Closing JPA EntityManagerFactory for persistence unit 'default'
2019-12-12 08:57:56.629  INFO 35888 --- [Thread-20] .SchemaDropperImpl$DelayedDropActionImpl : HHH000477: Starting delayed evictData of schema as part of SessionFactory shut-down'
2019-12-12 08:57:56.834  WARN 35888 --- [Thread-20] o.s.b.f.support.DisposableBeanAdapter    : Invocation of destroy method failed on bean with name 'inMemoryDatabaseShutdownExecutor': org.h2.jdbc.JdbcSQLNonTransientConnectionException: Database is already closed (to disable automatic closing at VM shutdown, add ";DB_CLOSE_ON_EXIT=FALSE" to the db URL) [90121-200]
2019-12-12 08:57:56.835  INFO 35888 --- [Thread-20] com.zaxxer.hikari.HikariDataSource       : HikariPool-4 - Shutdown initiated...
2019-12-12 08:57:56.842  INFO 35888 --- [Thread-20] com.zaxxer.hikari.HikariDataSource       : HikariPool-4 - Shutdown completed.
2019-12-12 08:57:57.610  INFO 35888 --- [restartedMain] com.foxtel.spring.demo.Application       : Starting Application on LT470FD5 with PID 35888 (C:\VisualStudioCodeWorkspace\demo\bin\main started by nagarajr in c:\VisualStudioCodeWorkspace\demo)
2019-12-12 08:57:57.611 DEBUG 35888 --- [restartedMain] com.foxtel.spring.demo.Application       : Running with Spring Boot v2.2.1.RELEASE, Spring v5.2.1.RELEASE
2019-12-12 08:57:57.611  INFO 35888 --- [restartedMain] com.foxtel.spring.demo.Application       : No active profile set, falling back to default profiles: default
2019-12-12 08:57:58.365  INFO 35888 --- [restartedMain] .s.d.r.c.RepositoryConfigurationDelegate : Multiple Spring Data modules found, entering strict repository configuration mode!
2019-12-12 08:57:58.366  INFO 35888 --- [restartedMain] .s.d.r.c.RepositoryConfigurationDelegate : Bootstrapping Spring Data repositories in DEFAULT mode.
2019-12-12 08:57:58.379  INFO 35888 --- [restartedMain] .s.d.r.c.RepositoryConfigurationDelegate : Finished Spring Data repository scanning in 12ms. Found 0 repository interfaces.
2019-12-12 08:57:58.386  INFO 35888 --- [restartedMain] .s.d.r.c.RepositoryConfigurationDelegate : Multiple Spring Data modules found, entering strict repository configuration mode!
2019-12-12 08:57:58.388  INFO 35888 --- [restartedMain] .s.d.r.c.RepositoryConfigurationDelegate : Bootstrapping Spring Data repositories in DEFAULT mode.
2019-12-12 08:57:58.399  INFO 35888 --- [restartedMain] .s.d.r.c.RepositoryConfigurationDelegate : Finished Spring Data repository scanning in 10ms. Found 0 repository interfaces.
2019-12-12 08:57:58.517  INFO 35888 --- [restartedMain] trationDelegate$BeanPostProcessorChecker : Bean 'org.springframework.ws.config.annotation.DelegatingWsConfiguration' of type [org.springframework.ws.config.annotation.DelegatingWsConfiguration$$EnhancerBySpringCGLIB$$b590630c] is not eligible for getting processed by all BeanPostProcessors (for example: not eligible for auto-proxying)
2019-12-12 08:57:58.521  INFO 35888 --- [restartedMain] .w.s.a.s.AnnotationActionEndpointMapping : Supporting [WS-Addressing August 2004, WS-Addressing 1.0]
2019-12-12 08:57:58.537  INFO 35888 --- [restartedMain] trationDelegate$BeanPostProcessorChecker : Bean 'org.springframework.transaction.annotation.ProxyTransactionManagementConfiguration' of type [org.springframework.transaction.annotation.ProxyTransactionManagementConfiguration] is not eligible for getting processed by all BeanPostProcessors (for example: not eligible for auto-proxying)
2019-12-12 08:57:58.598  WARN 35888 --- [restartedMain] org.apache.tomcat.util.modeler.Registry  : The MBean registry cannot be disabled because it has already been initialised
2019-12-12 08:57:58.759  INFO 35888 --- [restartedMain] o.s.b.w.embedded.tomcat.TomcatWebServer  : Tomcat initialized with port(s): 8080 (http)
2019-12-12 08:57:58.761  INFO 35888 --- [restartedMain] o.apache.catalina.core.StandardService   : Starting service [Tomcat]
2019-12-12 08:57:58.761  INFO 35888 --- [restartedMain] org.apache.catalina.core.StandardEngine  : Starting Servlet engine: [Apache Tomcat/9.0.27]
2019-12-12 08:57:58.774  INFO 35888 --- [restartedMain] o.a.c.c.C.[Tomcat].[localhost].[/]       : Initializing Spring embedded WebApplicationContext
2019-12-12 08:57:58.775  INFO 35888 --- [restartedMain] o.s.web.context.ContextLoader            : Root WebApplicationContext: initialization completed in 1161 ms
2019-12-12 08:57:58.832  INFO 35888 --- [restartedMain] com.zaxxer.hikari.HikariDataSource       : HikariPool-5 - Starting...
2019-12-12 08:57:58.836  INFO 35888 --- [restartedMain] com.zaxxer.hikari.HikariDataSource       : HikariPool-5 - Start completed.
2019-12-12 08:57:59.122  INFO 35888 --- [restartedMain] o.s.b.a.h2.H2ConsoleAutoConfiguration    : H2 console available at '/h2-console'. Database available at 'jdbc:h2:mem:testdb'
2019-12-12 08:57:59.234  INFO 35888 --- [restartedMain] o.s.b.d.a.OptionalLiveReloadServer       : LiveReload server is running on port 35729
2019-12-12 08:57:59.261  INFO 35888 --- [restartedMain] o.hibernate.jpa.internal.util.LogHelper  : HHH000204: Processing PersistenceUnitInfo [name: default]
2019-12-12 08:57:59.270  INFO 35888 --- [restartedMain] org.hibernate.dialect.Dialect            : HHH000400: Using dialect: org.hibernate.dialect.H2Dialect
2019-12-12 08:57:59.301  INFO 35888 --- [restartedMain] o.h.e.t.j.p.i.JtaPlatformInitiator       : HHH000490: Using JtaPlatform implementation: [org.hibernate.engine.transaction.jta.platform.internal.NoJtaPlatform]
2019-12-12 08:57:59.302  INFO 35888 --- [restartedMain] j.LocalContainerEntityManagerFactoryBean : Initialized JPA EntityManagerFactory for persistence unit 'default'
2019-12-12 08:57:59.387  WARN 35888 --- [restartedMain] JpaBaseConfiguration$JpaWebConfiguration : spring.jpa.open-in-view is enabled by default. Therefore, database queries may be performed during view rendering. Explicitly configure spring.jpa.open-in-view to disable this warning
2019-12-12 08:57:59.624  INFO 35888 --- [restartedMain] o.s.b.a.e.web.EndpointLinksResolver      : Exposing 15 endpoint(s) beneath base path '/flights'
2019-12-12 08:57:59.698  INFO 35888 --- [restartedMain] o.s.s.web.DefaultSecurityFilterChain     : Creating filter chain: any request, [org.springframework.security.web.context.request.async.WebAsyncManagerIntegrationFilter@65d59263, org.springframework.security.web.context.SecurityContextPersistenceFilter@ff14fec, org.springframework.security.web.header.HeaderWriterFilter@1a81d74a, org.springframework.security.web.csrf.CsrfFilter@a149c24, org.springframework.security.web.authentication.logout.LogoutFilter@49d6ee1a, org.springframework.security.web.authentication.www.BasicAuthenticationFilter@6ff1f55a, org.springframework.security.web.savedrequest.RequestCacheAwareFilter@29bb5ad1, org.springframework.security.web.servletapi.SecurityContextHolderAwareRequestFilter@3d94f32b, org.springframework.security.web.authentication.AnonymousAuthenticationFilter@1dc1a0e2, org.springframework.security.web.session.SessionManagementFilter@212a0251, org.springframework.security.web.access.ExceptionTranslationFilter@4fed203b, org.springframework.security.web.access.intercept.FilterSecurityInterceptor@5f7033ad]
2019-12-12 08:57:59.709  INFO 35888 --- [restartedMain] pertySourcedRequestMappingHandlerMapping : Mapped URL path [/v2/api-docs] onto method [springfox.documentation.swagger2.web.Swagger2Controller#getDocumentation(String, HttpServletRequest)]
2019-12-12 08:57:59.787  INFO 35888 --- [restartedMain] o.s.s.concurrent.ThreadPoolTaskExecutor  : Initializing ExecutorService 'applicationTaskExecutor'
2019-12-12 08:57:59.944  INFO 35888 --- [restartedMain] d.s.w.p.DocumentationPluginsBootstrapper : Context refreshed
2019-12-12 08:57:59.950  INFO 35888 --- [restartedMain] d.s.w.p.DocumentationPluginsBootstrapper : Found 1 custom documentation plugin(s)
2019-12-12 08:57:59.961  INFO 35888 --- [restartedMain] s.d.s.w.s.ApiListingReferenceScanner     : Scanning for api listing references
2019-12-12 08:58:00.033  INFO 35888 --- [restartedMain] .d.s.w.r.o.CachingOperationNameGenerator : Generating unique operation named: handleUsingGET_1
2019-12-12 08:58:00.046  INFO 35888 --- [restartedMain] .d.s.w.r.o.CachingOperationNameGenerator : Generating unique operation named: handleUsingGET_2
2019-12-12 08:58:00.075  INFO 35888 --- [restartedMain] .d.s.w.r.o.CachingOperationNameGenerator : Generating unique operation named: handleUsingDELETE_1
2019-12-12 08:58:00.081  INFO 35888 --- [restartedMain] .d.s.w.r.o.CachingOperationNameGenerator : Generating unique operation named: handleUsingGET_3
2019-12-12 08:58:00.104  INFO 35888 --- [restartedMain] .d.s.w.r.o.CachingOperationNameGenerator : Generating unique operation named: handleUsingGET_4
2019-12-12 08:58:00.108  INFO 35888 --- [restartedMain] .d.s.w.r.o.CachingOperationNameGenerator : Generating unique operation named: handleUsingGET_5
2019-12-12 08:58:00.110  INFO 35888 --- [restartedMain] .d.s.w.r.o.CachingOperationNameGenerator : Generating unique operation named: handleUsingGET_6
2019-12-12 08:58:00.112  INFO 35888 --- [restartedMain] .d.s.w.r.o.CachingOperationNameGenerator : Generating unique operation named: handleUsingGET_7
2019-12-12 08:58:00.116  INFO 35888 --- [restartedMain] .d.s.w.r.o.CachingOperationNameGenerator : Generating unique operation named: handleUsingGET_8
2019-12-12 08:58:00.118  INFO 35888 --- [restartedMain] .d.s.w.r.o.CachingOperationNameGenerator : Generating unique operation named: handleUsingGET_9
2019-12-12 08:58:00.120  INFO 35888 --- [restartedMain] .d.s.w.r.o.CachingOperationNameGenerator : Generating unique operation named: handleUsingGET_10
2019-12-12 08:58:00.122  INFO 35888 --- [restartedMain] .d.s.w.r.o.CachingOperationNameGenerator : Generating unique operation named: handleUsingGET_11
2019-12-12 08:58:00.125  INFO 35888 --- [restartedMain] .d.s.w.r.o.CachingOperationNameGenerator : Generating unique operation named: handleUsingGET_12
2019-12-12 08:58:00.127  INFO 35888 --- [restartedMain] .d.s.w.r.o.CachingOperationNameGenerator : Generating unique operation named: handleUsingGET_13
2019-12-12 08:58:00.129  INFO 35888 --- [restartedMain] .d.s.w.r.o.CachingOperationNameGenerator : Generating unique operation named: handleUsingGET_14
2019-12-12 08:58:00.131  INFO 35888 --- [restartedMain] .d.s.w.r.o.CachingOperationNameGenerator : Generating unique operation named: handleUsingGET_15
2019-12-12 08:58:00.134  INFO 35888 --- [restartedMain] .d.s.w.r.o.CachingOperationNameGenerator : Generating unique operation named: handleUsingGET_16
2019-12-12 08:58:00.135  INFO 35888 --- [restartedMain] .d.s.w.r.o.CachingOperationNameGenerator : Generating unique operation named: handleUsingGET_17
2019-12-12 08:58:00.137  INFO 35888 --- [restartedMain] .d.s.w.r.o.CachingOperationNameGenerator : Generating unique operation named: handleUsingPOST_1
2019-12-12 08:58:00.139  INFO 35888 --- [restartedMain] .d.s.w.r.o.CachingOperationNameGenerator : Generating unique operation named: handleUsingGET_18
2019-12-12 08:58:00.175  INFO 35888 --- [restartedMain] o.s.b.w.embedded.tomcat.TomcatWebServer  : Tomcat started on port(s): 8080 (http) with context path ''
2019-12-12 08:58:00.178  INFO 35888 --- [restartedMain] com.foxtel.spring.demo.Application       : Started Application in 2.606 seconds (JVM running for 257.21)
2019-12-12 08:58:00.184  INFO 35888 --- [restartedMain] .ConditionEvaluationDeltaLoggingListener : Condition evaluation unchanged
2019-12-12 08:58:09.820  INFO 35888 --- [http-nio-8080-exec-2] o.a.c.c.C.[Tomcat].[localhost].[/]       : Initializing Spring DispatcherServlet 'dispatcherServlet'
2019-12-12 08:58:09.833  INFO 35888 --- [http-nio-8080-exec-2] o.s.web.servlet.DispatcherServlet        : Initializing Servlet 'dispatcherServlet'
2019-12-12 08:58:09.841  INFO 35888 --- [http-nio-8080-exec-2] o.s.web.servlet.DispatcherServlet        : Completed initialization in 7 ms
2019-12-12 08:58:10.083 ERROR 35888 --- [http-nio-8080-exec-2] c.f.s.d.s.AuthenticationEntryPoint       : Unauthorized
2019-12-12 08:58:10.085 ERROR 35888 --- [http-nio-8080-exec-2] c.f.s.d.s.AuthenticationEntryPoint       : Unauthorized
2019-12-12 08:58:20.765 ERROR 35888 --- [http-nio-8080-exec-3] c.f.s.d.s.AuthenticationEntryPoint       : Unauthorized
2019-12-12 09:10:50.147  INFO 35888 --- [Thread-25] o.s.s.concurrent.ThreadPoolTaskExecutor  : Shutting down ExecutorService 'applicationTaskExecutor'
2019-12-12 09:10:50.149  INFO 35888 --- [Thread-25] j.LocalContainerEntityManagerFactoryBean : Closing JPA EntityManagerFactory for persistence unit 'default'
2019-12-12 09:10:50.150  INFO 35888 --- [Thread-25] .SchemaDropperImpl$DelayedDropActionImpl : HHH000477: Starting delayed evictData of schema as part of SessionFactory shut-down'
2019-12-12 09:10:50.355  WARN 35888 --- [Thread-25] o.s.b.f.support.DisposableBeanAdapter    : Invocation of destroy method failed on bean with name 'inMemoryDatabaseShutdownExecutor': org.h2.jdbc.JdbcSQLNonTransientConnectionException: Database is already closed (to disable automatic closing at VM shutdown, add ";DB_CLOSE_ON_EXIT=FALSE" to the db URL) [90121-200]
2019-12-12 09:10:50.356  INFO 35888 --- [Thread-25] com.zaxxer.hikari.HikariDataSource       : HikariPool-5 - Shutdown initiated...
2019-12-12 09:10:50.363  INFO 35888 --- [Thread-25] com.zaxxer.hikari.HikariDataSource       : HikariPool-5 - Shutdown completed.
2019-12-12 09:10:51.483  INFO 35888 --- [restartedMain] com.foxtel.spring.demo.Application       : Starting Application on LT470FD5 with PID 35888 (C:\VisualStudioCodeWorkspace\demo\bin\main started by nagarajr in c:\VisualStudioCodeWorkspace\demo)
2019-12-12 09:10:51.484 DEBUG 35888 --- [restartedMain] com.foxtel.spring.demo.Application       : Running with Spring Boot v2.2.1.RELEASE, Spring v5.2.1.RELEASE
2019-12-12 09:10:51.485  INFO 35888 --- [restartedMain] com.foxtel.spring.demo.Application       : No active profile set, falling back to default profiles: default
2019-12-12 09:10:52.083  INFO 35888 --- [restartedMain] .s.d.r.c.RepositoryConfigurationDelegate : Multiple Spring Data modules found, entering strict repository configuration mode!
2019-12-12 09:10:52.084  INFO 35888 --- [restartedMain] .s.d.r.c.RepositoryConfigurationDelegate : Bootstrapping Spring Data repositories in DEFAULT mode.
2019-12-12 09:10:52.093  INFO 35888 --- [restartedMain] .s.d.r.c.RepositoryConfigurationDelegate : Finished Spring Data repository scanning in 8ms. Found 0 repository interfaces.
2019-12-12 09:10:52.096  INFO 35888 --- [restartedMain] .s.d.r.c.RepositoryConfigurationDelegate : Multiple Spring Data modules found, entering strict repository configuration mode!
2019-12-12 09:10:52.097  INFO 35888 --- [restartedMain] .s.d.r.c.RepositoryConfigurationDelegate : Bootstrapping Spring Data repositories in DEFAULT mode.
2019-12-12 09:10:52.104  INFO 35888 --- [restartedMain] .s.d.r.c.RepositoryConfigurationDelegate : Finished Spring Data repository scanning in 6ms. Found 0 repository interfaces.
2019-12-12 09:10:52.188  INFO 35888 --- [restartedMain] trationDelegate$BeanPostProcessorChecker : Bean 'org.springframework.ws.config.annotation.DelegatingWsConfiguration' of type [org.springframework.ws.config.annotation.DelegatingWsConfiguration$$EnhancerBySpringCGLIB$$b590630c] is not eligible for getting processed by all BeanPostProcessors (for example: not eligible for auto-proxying)
2019-12-12 09:10:52.193  INFO 35888 --- [restartedMain] .w.s.a.s.AnnotationActionEndpointMapping : Supporting [WS-Addressing August 2004, WS-Addressing 1.0]
2019-12-12 09:10:52.203  INFO 35888 --- [restartedMain] trationDelegate$BeanPostProcessorChecker : Bean 'org.springframework.transaction.annotation.ProxyTransactionManagementConfiguration' of type [org.springframework.transaction.annotation.ProxyTransactionManagementConfiguration] is not eligible for getting processed by all BeanPostProcessors (for example: not eligible for auto-proxying)
2019-12-12 09:10:52.253  WARN 35888 --- [restartedMain] org.apache.tomcat.util.modeler.Registry  : The MBean registry cannot be disabled because it has already been initialised
2019-12-12 09:10:52.406  INFO 35888 --- [restartedMain] o.s.b.w.embedded.tomcat.TomcatWebServer  : Tomcat initialized with port(s): 8080 (http)
2019-12-12 09:10:52.407  INFO 35888 --- [restartedMain] o.apache.catalina.core.StandardService   : Starting service [Tomcat]
2019-12-12 09:10:52.408  INFO 35888 --- [restartedMain] org.apache.catalina.core.StandardEngine  : Starting Servlet engine: [Apache Tomcat/9.0.27]
2019-12-12 09:10:52.419  INFO 35888 --- [restartedMain] o.a.c.c.C.[Tomcat].[localhost].[/]       : Initializing Spring embedded WebApplicationContext
2019-12-12 09:10:52.419  INFO 35888 --- [restartedMain] o.s.web.context.ContextLoader            : Root WebApplicationContext: initialization completed in 932 ms
2019-12-12 09:10:52.466  INFO 35888 --- [restartedMain] com.zaxxer.hikari.HikariDataSource       : HikariPool-6 - Starting...
2019-12-12 09:10:52.470  INFO 35888 --- [restartedMain] com.zaxxer.hikari.HikariDataSource       : HikariPool-6 - Start completed.
2019-12-12 09:10:52.809  INFO 35888 --- [restartedMain] o.s.b.a.h2.H2ConsoleAutoConfiguration    : H2 console available at '/h2-console'. Database available at 'jdbc:h2:mem:testdb'
2019-12-12 09:10:52.934  INFO 35888 --- [restartedMain] o.s.b.d.a.OptionalLiveReloadServer       : LiveReload server is running on port 35729
2019-12-12 09:10:52.975  INFO 35888 --- [restartedMain] o.hibernate.jpa.internal.util.LogHelper  : HHH000204: Processing PersistenceUnitInfo [name: default]
2019-12-12 09:10:52.985  INFO 35888 --- [restartedMain] org.hibernate.dialect.Dialect            : HHH000400: Using dialect: org.hibernate.dialect.H2Dialect
2019-12-12 09:10:53.016  INFO 35888 --- [restartedMain] o.h.e.t.j.p.i.JtaPlatformInitiator       : HHH000490: Using JtaPlatform implementation: [org.hibernate.engine.transaction.jta.platform.internal.NoJtaPlatform]
2019-12-12 09:10:53.018  INFO 35888 --- [restartedMain] j.LocalContainerEntityManagerFactoryBean : Initialized JPA EntityManagerFactory for persistence unit 'default'
2019-12-12 09:10:53.091  WARN 35888 --- [restartedMain] JpaBaseConfiguration$JpaWebConfiguration : spring.jpa.open-in-view is enabled by default. Therefore, database queries may be performed during view rendering. Explicitly configure spring.jpa.open-in-view to disable this warning
2019-12-12 09:10:53.294  INFO 35888 --- [restartedMain] o.s.b.a.e.web.EndpointLinksResolver      : Exposing 15 endpoint(s) beneath base path '/flights'
2019-12-12 09:10:53.382  INFO 35888 --- [restartedMain] o.s.s.web.DefaultSecurityFilterChain     : Creating filter chain: any request, [org.springframework.security.web.context.request.async.WebAsyncManagerIntegrationFilter@52f37091, org.springframework.security.web.context.SecurityContextPersistenceFilter@4c045f3f, org.springframework.security.web.header.HeaderWriterFilter@47d495c0, org.springframework.security.web.csrf.CsrfFilter@3cd49408, org.springframework.security.web.authentication.logout.LogoutFilter@167a4bf8, org.springframework.security.web.authentication.UsernamePasswordAuthenticationFilter@3d7f940e, org.springframework.security.web.authentication.ui.DefaultLoginPageGeneratingFilter@20f83a41, org.springframework.security.web.authentication.ui.DefaultLogoutPageGeneratingFilter@136d4125, org.springframework.security.web.savedrequest.RequestCacheAwareFilter@50b10f1c, org.springframework.security.web.servletapi.SecurityContextHolderAwareRequestFilter@33a8ea5f, org.springframework.security.web.authentication.AnonymousAuthenticationFilter@2be0e6c0, org.springframework.security.web.session.SessionManagementFilter@54e8e57e, org.springframework.security.web.access.ExceptionTranslationFilter@47eb6853, org.springframework.security.web.access.intercept.FilterSecurityInterceptor@65b0fcfb]
2019-12-12 09:10:53.396  INFO 35888 --- [restartedMain] pertySourcedRequestMappingHandlerMapping : Mapped URL path [/v2/api-docs] onto method [springfox.documentation.swagger2.web.Swagger2Controller#getDocumentation(String, HttpServletRequest)]
2019-12-12 09:10:53.476  INFO 35888 --- [restartedMain] o.s.s.concurrent.ThreadPoolTaskExecutor  : Initializing ExecutorService 'applicationTaskExecutor'
2019-12-12 09:10:53.633  INFO 35888 --- [restartedMain] d.s.w.p.DocumentationPluginsBootstrapper : Context refreshed
2019-12-12 09:10:53.641  INFO 35888 --- [restartedMain] d.s.w.p.DocumentationPluginsBootstrapper : Found 1 custom documentation plugin(s)
2019-12-12 09:10:53.658  INFO 35888 --- [restartedMain] s.d.s.w.s.ApiListingReferenceScanner     : Scanning for api listing references
2019-12-12 09:10:53.705  INFO 35888 --- [restartedMain] .d.s.w.r.o.CachingOperationNameGenerator : Generating unique operation named: handleUsingGET_1
2019-12-12 09:10:53.710  INFO 35888 --- [restartedMain] .d.s.w.r.o.CachingOperationNameGenerator : Generating unique operation named: handleUsingGET_2
2019-12-12 09:10:53.730  INFO 35888 --- [restartedMain] .d.s.w.r.o.CachingOperationNameGenerator : Generating unique operation named: handleUsingDELETE_1
2019-12-12 09:10:53.736  INFO 35888 --- [restartedMain] .d.s.w.r.o.CachingOperationNameGenerator : Generating unique operation named: handleUsingGET_3
2019-12-12 09:10:53.749  INFO 35888 --- [restartedMain] .d.s.w.r.o.CachingOperationNameGenerator : Generating unique operation named: handleUsingGET_4
2019-12-12 09:10:53.751  INFO 35888 --- [restartedMain] .d.s.w.r.o.CachingOperationNameGenerator : Generating unique operation named: handleUsingGET_5
2019-12-12 09:10:53.767  INFO 35888 --- [restartedMain] .d.s.w.r.o.CachingOperationNameGenerator : Generating unique operation named: handleUsingGET_6
2019-12-12 09:10:53.768  INFO 35888 --- [restartedMain] .d.s.w.r.o.CachingOperationNameGenerator : Generating unique operation named: handleUsingGET_7
2019-12-12 09:10:53.769  INFO 35888 --- [restartedMain] .d.s.w.r.o.CachingOperationNameGenerator : Generating unique operation named: handleUsingGET_8
2019-12-12 09:10:53.771  INFO 35888 --- [restartedMain] .d.s.w.r.o.CachingOperationNameGenerator : Generating unique operation named: handleUsingGET_9
2019-12-12 09:10:53.775  INFO 35888 --- [restartedMain] .d.s.w.r.o.CachingOperationNameGenerator : Generating unique operation named: handleUsingGET_10
2019-12-12 09:10:53.777  INFO 35888 --- [restartedMain] .d.s.w.r.o.CachingOperationNameGenerator : Generating unique operation named: handleUsingGET_11
2019-12-12 09:10:53.780  INFO 35888 --- [restartedMain] .d.s.w.r.o.CachingOperationNameGenerator : Generating unique operation named: handleUsingGET_12
2019-12-12 09:10:53.784  INFO 35888 --- [restartedMain] .d.s.w.r.o.CachingOperationNameGenerator : Generating unique operation named: handleUsingGET_13
2019-12-12 09:10:53.786  INFO 35888 --- [restartedMain] .d.s.w.r.o.CachingOperationNameGenerator : Generating unique operation named: handleUsingGET_14
2019-12-12 09:10:53.788  INFO 35888 --- [restartedMain] .d.s.w.r.o.CachingOperationNameGenerator : Generating unique operation named: handleUsingGET_15
2019-12-12 09:10:53.792  INFO 35888 --- [restartedMain] .d.s.w.r.o.CachingOperationNameGenerator : Generating unique operation named: handleUsingGET_16
2019-12-12 09:10:53.793  INFO 35888 --- [restartedMain] .d.s.w.r.o.CachingOperationNameGenerator : Generating unique operation named: handleUsingGET_17
2019-12-12 09:10:53.795  INFO 35888 --- [restartedMain] .d.s.w.r.o.CachingOperationNameGenerator : Generating unique operation named: handleUsingPOST_1
2019-12-12 09:10:53.798  INFO 35888 --- [restartedMain] .d.s.w.r.o.CachingOperationNameGenerator : Generating unique operation named: handleUsingGET_18
2019-12-12 09:10:53.850  INFO 35888 --- [restartedMain] o.s.b.w.embedded.tomcat.TomcatWebServer  : Tomcat started on port(s): 8080 (http) with context path ''
2019-12-12 09:10:53.862  INFO 35888 --- [restartedMain] com.foxtel.spring.demo.Application       : Started Application in 2.42 seconds (JVM running for 1030.895)
2019-12-12 09:10:53.867  INFO 35888 --- [restartedMain] .ConditionEvaluationDeltaLoggingListener : Condition evaluation unchanged
2019-12-12 09:11:02.815  INFO 35888 --- [http-nio-8080-exec-2] o.a.c.c.C.[Tomcat].[localhost].[/]       : Initializing Spring DispatcherServlet 'dispatcherServlet'
2019-12-12 09:11:02.826  INFO 35888 --- [http-nio-8080-exec-2] o.s.web.servlet.DispatcherServlet        : Initializing Servlet 'dispatcherServlet'
2019-12-12 09:11:02.835  INFO 35888 --- [http-nio-8080-exec-2] o.s.web.servlet.DispatcherServlet        : Completed initialization in 5 ms
2019-12-12 09:11:36.778  INFO 35888 --- [Thread-30] o.s.s.concurrent.ThreadPoolTaskExecutor  : Shutting down ExecutorService 'applicationTaskExecutor'
2019-12-12 09:11:36.792  INFO 35888 --- [Thread-30] j.LocalContainerEntityManagerFactoryBean : Closing JPA EntityManagerFactory for persistence unit 'default'
2019-12-12 09:11:36.811  INFO 35888 --- [Thread-30] .SchemaDropperImpl$DelayedDropActionImpl : HHH000477: Starting delayed evictData of schema as part of SessionFactory shut-down'
2019-12-12 09:11:37.040  WARN 35888 --- [Thread-30] o.s.b.f.support.DisposableBeanAdapter    : Invocation of destroy method failed on bean with name 'inMemoryDatabaseShutdownExecutor': org.h2.jdbc.JdbcSQLNonTransientConnectionException: Database is already closed (to disable automatic closing at VM shutdown, add ";DB_CLOSE_ON_EXIT=FALSE" to the db URL) [90121-200]
2019-12-12 09:11:37.057  INFO 35888 --- [Thread-30] com.zaxxer.hikari.HikariDataSource       : HikariPool-6 - Shutdown initiated...
2019-12-12 09:11:37.063  INFO 35888 --- [Thread-30] com.zaxxer.hikari.HikariDataSource       : HikariPool-6 - Shutdown completed.
2019-12-12 09:11:38.382  INFO 35888 --- [restartedMain] com.foxtel.spring.demo.Application       : Starting Application on LT470FD5 with PID 35888 (C:\VisualStudioCodeWorkspace\demo\bin\main started by nagarajr in c:\VisualStudioCodeWorkspace\demo)
2019-12-12 09:11:38.383 DEBUG 35888 --- [restartedMain] com.foxtel.spring.demo.Application       : Running with Spring Boot v2.2.1.RELEASE, Spring v5.2.1.RELEASE
2019-12-12 09:11:38.425  INFO 35888 --- [restartedMain] com.foxtel.spring.demo.Application       : No active profile set, falling back to default profiles: default
2019-12-12 09:11:39.366  INFO 35888 --- [restartedMain] .s.d.r.c.RepositoryConfigurationDelegate : Multiple Spring Data modules found, entering strict repository configuration mode!
2019-12-12 09:11:39.366  INFO 35888 --- [restartedMain] .s.d.r.c.RepositoryConfigurationDelegate : Bootstrapping Spring Data repositories in DEFAULT mode.
2019-12-12 09:11:39.377  INFO 35888 --- [restartedMain] .s.d.r.c.RepositoryConfigurationDelegate : Finished Spring Data repository scanning in 9ms. Found 0 repository interfaces.
2019-12-12 09:11:39.381  INFO 35888 --- [restartedMain] .s.d.r.c.RepositoryConfigurationDelegate : Multiple Spring Data modules found, entering strict repository configuration mode!
2019-12-12 09:11:39.382  INFO 35888 --- [restartedMain] .s.d.r.c.RepositoryConfigurationDelegate : Bootstrapping Spring Data repositories in DEFAULT mode.
2019-12-12 09:11:39.393  INFO 35888 --- [restartedMain] .s.d.r.c.RepositoryConfigurationDelegate : Finished Spring Data repository scanning in 10ms. Found 0 repository interfaces.
2019-12-12 09:11:39.471  INFO 35888 --- [restartedMain] trationDelegate$BeanPostProcessorChecker : Bean 'org.springframework.ws.config.annotation.DelegatingWsConfiguration' of type [org.springframework.ws.config.annotation.DelegatingWsConfiguration$$EnhancerBySpringCGLIB$$b590630c] is not eligible for getting processed by all BeanPostProcessors (for example: not eligible for auto-proxying)
2019-12-12 09:11:39.473  INFO 35888 --- [restartedMain] .w.s.a.s.AnnotationActionEndpointMapping : Supporting [WS-Addressing August 2004, WS-Addressing 1.0]
2019-12-12 09:11:39.480  INFO 35888 --- [restartedMain] trationDelegate$BeanPostProcessorChecker : Bean 'org.springframework.transaction.annotation.ProxyTransactionManagementConfiguration' of type [org.springframework.transaction.annotation.ProxyTransactionManagementConfiguration] is not eligible for getting processed by all BeanPostProcessors (for example: not eligible for auto-proxying)
2019-12-12 09:11:39.533  WARN 35888 --- [restartedMain] org.apache.tomcat.util.modeler.Registry  : The MBean registry cannot be disabled because it has already been initialised
2019-12-12 09:11:39.711  INFO 35888 --- [restartedMain] o.s.b.w.embedded.tomcat.TomcatWebServer  : Tomcat initialized with port(s): 8080 (http)
2019-12-12 09:11:39.712  INFO 35888 --- [restartedMain] o.apache.catalina.core.StandardService   : Starting service [Tomcat]
2019-12-12 09:11:39.713  INFO 35888 --- [restartedMain] org.apache.catalina.core.StandardEngine  : Starting Servlet engine: [Apache Tomcat/9.0.27]
2019-12-12 09:11:39.727  INFO 35888 --- [restartedMain] o.a.c.c.C.[Tomcat].[localhost].[/]       : Initializing Spring embedded WebApplicationContext
2019-12-12 09:11:39.730  INFO 35888 --- [restartedMain] o.s.web.context.ContextLoader            : Root WebApplicationContext: initialization completed in 1209 ms
2019-12-12 09:11:39.795  INFO 35888 --- [restartedMain] com.zaxxer.hikari.HikariDataSource       : HikariPool-7 - Starting...
2019-12-12 09:11:39.799  INFO 35888 --- [restartedMain] com.zaxxer.hikari.HikariDataSource       : HikariPool-7 - Start completed.
2019-12-12 09:11:40.120  INFO 35888 --- [restartedMain] o.s.b.a.h2.H2ConsoleAutoConfiguration    : H2 console available at '/h2-console'. Database available at 'jdbc:h2:mem:testdb'
2019-12-12 09:11:40.244  INFO 35888 --- [restartedMain] o.s.b.d.a.OptionalLiveReloadServer       : LiveReload server is running on port 35729
2019-12-12 09:11:40.272  INFO 35888 --- [restartedMain] o.hibernate.jpa.internal.util.LogHelper  : HHH000204: Processing PersistenceUnitInfo [name: default]
2019-12-12 09:11:40.283  INFO 35888 --- [restartedMain] org.hibernate.dialect.Dialect            : HHH000400: Using dialect: org.hibernate.dialect.H2Dialect
2019-12-12 09:11:40.298  INFO 35888 --- [restartedMain] o.h.e.t.j.p.i.JtaPlatformInitiator       : HHH000490: Using JtaPlatform implementation: [org.hibernate.engine.transaction.jta.platform.internal.NoJtaPlatform]
2019-12-12 09:11:40.299  INFO 35888 --- [restartedMain] j.LocalContainerEntityManagerFactoryBean : Initialized JPA EntityManagerFactory for persistence unit 'default'
2019-12-12 09:11:40.353  WARN 35888 --- [restartedMain] JpaBaseConfiguration$JpaWebConfiguration : spring.jpa.open-in-view is enabled by default. Therefore, database queries may be performed during view rendering. Explicitly configure spring.jpa.open-in-view to disable this warning
2019-12-12 09:11:40.488  INFO 35888 --- [restartedMain] o.s.b.a.e.web.EndpointLinksResolver      : Exposing 15 endpoint(s) beneath base path '/flights'
2019-12-12 09:11:40.622  INFO 35888 --- [restartedMain] o.s.s.web.DefaultSecurityFilterChain     : Creating filter chain: any request, [org.springframework.security.web.context.request.async.WebAsyncManagerIntegrationFilter@3386d6b6, org.springframework.security.web.context.SecurityContextPersistenceFilter@2b181106, org.springframework.security.web.header.HeaderWriterFilter@1f17aee3, org.springframework.security.web.csrf.CsrfFilter@5db8c878, org.springframework.security.web.authentication.logout.LogoutFilter@18446314, org.springframework.security.web.authentication.www.BasicAuthenticationFilter@202ad8d4, org.springframework.security.web.savedrequest.RequestCacheAwareFilter@2651790c, org.springframework.security.web.servletapi.SecurityContextHolderAwareRequestFilter@413bb93, org.springframework.security.web.authentication.AnonymousAuthenticationFilter@971481, org.springframework.security.web.session.SessionManagementFilter@3078e479, org.springframework.security.web.access.ExceptionTranslationFilter@788eb950, org.springframework.security.web.access.intercept.FilterSecurityInterceptor@34b92f0e]
2019-12-12 09:11:40.645  INFO 35888 --- [restartedMain] pertySourcedRequestMappingHandlerMapping : Mapped URL path [/v2/api-docs] onto method [springfox.documentation.swagger2.web.Swagger2Controller#getDocumentation(String, HttpServletRequest)]
2019-12-12 09:11:40.711  INFO 35888 --- [restartedMain] o.s.s.concurrent.ThreadPoolTaskExecutor  : Initializing ExecutorService 'applicationTaskExecutor'
2019-12-12 09:11:40.820  INFO 35888 --- [restartedMain] d.s.w.p.DocumentationPluginsBootstrapper : Context refreshed
2019-12-12 09:11:40.822  INFO 35888 --- [restartedMain] d.s.w.p.DocumentationPluginsBootstrapper : Found 1 custom documentation plugin(s)
2019-12-12 09:11:40.831  INFO 35888 --- [restartedMain] s.d.s.w.s.ApiListingReferenceScanner     : Scanning for api listing references
2019-12-12 09:11:40.876  INFO 35888 --- [restartedMain] .d.s.w.r.o.CachingOperationNameGenerator : Generating unique operation named: handleUsingGET_1
2019-12-12 09:11:40.878  INFO 35888 --- [restartedMain] .d.s.w.r.o.CachingOperationNameGenerator : Generating unique operation named: handleUsingGET_2
2019-12-12 09:11:40.880  INFO 35888 --- [restartedMain] .d.s.w.r.o.CachingOperationNameGenerator : Generating unique operation named: handleUsingDELETE_1
2019-12-12 09:11:40.882  INFO 35888 --- [restartedMain] .d.s.w.r.o.CachingOperationNameGenerator : Generating unique operation named: handleUsingGET_3
2019-12-12 09:11:40.884  INFO 35888 --- [restartedMain] .d.s.w.r.o.CachingOperationNameGenerator : Generating unique operation named: handleUsingGET_4
2019-12-12 09:11:40.888  INFO 35888 --- [restartedMain] .d.s.w.r.o.CachingOperationNameGenerator : Generating unique operation named: handleUsingGET_5
2019-12-12 09:11:40.891  INFO 35888 --- [restartedMain] .d.s.w.r.o.CachingOperationNameGenerator : Generating unique operation named: handleUsingGET_6
2019-12-12 09:11:40.893  INFO 35888 --- [restartedMain] .d.s.w.r.o.CachingOperationNameGenerator : Generating unique operation named: handleUsingGET_7
2019-12-12 09:11:40.896  INFO 35888 --- [restartedMain] .d.s.w.r.o.CachingOperationNameGenerator : Generating unique operation named: handleUsingGET_8
2019-12-12 09:11:40.898  INFO 35888 --- [restartedMain] .d.s.w.r.o.CachingOperationNameGenerator : Generating unique operation named: handleUsingGET_9
2019-12-12 09:11:40.901  INFO 35888 --- [restartedMain] .d.s.w.r.o.CachingOperationNameGenerator : Generating unique operation named: handleUsingGET_10
2019-12-12 09:11:40.908  INFO 35888 --- [restartedMain] .d.s.w.r.o.CachingOperationNameGenerator : Generating unique operation named: handleUsingGET_11
2019-12-12 09:11:40.925  INFO 35888 --- [restartedMain] .d.s.w.r.o.CachingOperationNameGenerator : Generating unique operation named: handleUsingGET_12
2019-12-12 09:11:40.932  INFO 35888 --- [restartedMain] .d.s.w.r.o.CachingOperationNameGenerator : Generating unique operation named: handleUsingGET_13
2019-12-12 09:11:40.934  INFO 35888 --- [restartedMain] .d.s.w.r.o.CachingOperationNameGenerator : Generating unique operation named: handleUsingGET_14
2019-12-12 09:11:40.938  INFO 35888 --- [restartedMain] .d.s.w.r.o.CachingOperationNameGenerator : Generating unique operation named: handleUsingGET_15
2019-12-12 09:11:40.940  INFO 35888 --- [restartedMain] .d.s.w.r.o.CachingOperationNameGenerator : Generating unique operation named: handleUsingGET_16
2019-12-12 09:11:40.942  INFO 35888 --- [restartedMain] .d.s.w.r.o.CachingOperationNameGenerator : Generating unique operation named: handleUsingGET_17
2019-12-12 09:11:40.943  INFO 35888 --- [restartedMain] .d.s.w.r.o.CachingOperationNameGenerator : Generating unique operation named: handleUsingPOST_1
2019-12-12 09:11:40.945  INFO 35888 --- [restartedMain] .d.s.w.r.o.CachingOperationNameGenerator : Generating unique operation named: handleUsingGET_18
2019-12-12 09:11:40.995  INFO 35888 --- [restartedMain] o.s.b.w.embedded.tomcat.TomcatWebServer  : Tomcat started on port(s): 8080 (http) with context path ''
2019-12-12 09:11:41.008  INFO 35888 --- [restartedMain] com.foxtel.spring.demo.Application       : Started Application in 2.801 seconds (JVM running for 1078.041)
2019-12-12 09:11:41.013  INFO 35888 --- [restartedMain] .ConditionEvaluationDeltaLoggingListener : Condition evaluation unchanged
2019-12-12 09:11:45.161  INFO 35888 --- [http-nio-8080-exec-2] o.a.c.c.C.[Tomcat].[localhost].[/]       : Initializing Spring DispatcherServlet 'dispatcherServlet'
2019-12-12 09:11:45.177  INFO 35888 --- [http-nio-8080-exec-2] o.s.web.servlet.DispatcherServlet        : Initializing Servlet 'dispatcherServlet'
2019-12-12 09:11:45.195  INFO 35888 --- [http-nio-8080-exec-2] o.s.web.servlet.DispatcherServlet        : Completed initialization in 7 ms
2019-12-12 09:11:45.310 ERROR 35888 --- [http-nio-8080-exec-2] c.f.s.d.s.AuthenticationEntryPoint       : Unauthorized
2019-12-12 09:11:45.313 ERROR 35888 --- [http-nio-8080-exec-2] c.f.s.d.s.AuthenticationEntryPoint       : Unauthorized
2019-12-12 09:11:45.441  INFO 35888 --- [http-nio-8080-exec-2] c.f.s.demo.controller.FlightController   : API called for all flights to 3361
2019-12-12 09:11:45.444 DEBUG 35888 --- [http-nio-8080-exec-2] eAspect$$EnhancerBySpringCGLIB$$fc2d4c7d : Service requested for flights data com.foxtel.spring.demo.service.FlightService
2019-12-12 09:11:45.449 DEBUG 35888 --- [http-nio-8080-exec-2] c.f.spring.demo.service.FlightService    : Service request for flights to 3361
2019-12-12 09:11:45.502 DEBUG 35888 --- [http-nio-8080-exec-2] eAspect$$EnhancerBySpringCGLIB$$fc2d4c7d : Service successfully returned flights data 
2019-12-12 09:11:45.503  INFO 35888 --- [http-nio-8080-exec-2] rAspect$$EnhancerBySpringCGLIB$$2cd1a348 : REQUEST URI /flights/in/airport/3361
2019-12-12 09:11:45.503  INFO 35888 --- [http-nio-8080-exec-2] rAspect$$EnhancerBySpringCGLIB$$2cd1a348 : REQUEST method GET
2019-12-12 09:11:45.504 DEBUG 35888 --- [http-nio-8080-exec-2] rAspect$$EnhancerBySpringCGLIB$$2cd1a348 : REQUEST session ID 06E64B01610A672485CDF9D7887686FB
2019-12-12 09:11:45.504 DEBUG 35888 --- [http-nio-8080-exec-2] rAspect$$EnhancerBySpringCGLIB$$2cd1a348 : REQUEST session creation time 1576102280444
2019-12-12 09:11:45.504 DEBUG 35888 --- [http-nio-8080-exec-2] rAspect$$EnhancerBySpringCGLIB$$2cd1a348 : REQUEST session last accessed time 1576102305314
2019-12-12 09:11:45.505 DEBUG 35888 --- [http-nio-8080-exec-2] rAspect$$EnhancerBySpringCGLIB$$2cd1a348 : REQUEST session creation time 1576102280444
2019-12-12 09:11:45.506 DEBUG 35888 --- [http-nio-8080-exec-2] rAspect$$EnhancerBySpringCGLIB$$2cd1a348 : REQUEST session servlet context 
2019-12-12 09:11:45.506 DEBUG 35888 --- [http-nio-8080-exec-2] rAspect$$EnhancerBySpringCGLIB$$2cd1a348 : REQUEST session servlet context server info Apache Tomcat/9.0.27
2019-12-12 09:11:45.506 DEBUG 35888 --- [http-nio-8080-exec-2] rAspect$$EnhancerBySpringCGLIB$$2cd1a348 : REQUEST session servlet context timeout 1 minutes
2019-12-12 09:11:45.507 DEBUG 35888 --- [http-nio-8080-exec-2] rAspect$$EnhancerBySpringCGLIB$$2cd1a348 : Reuqest time out set at 2000 ms
2019-12-12 09:11:45.507 DEBUG 35888 --- [http-nio-8080-exec-2] rAspect$$EnhancerBySpringCGLIB$$2cd1a348 : StopWatch 'FlightControllerAspect$$EnhancerBySpringCGLIB$$2cd1a348': running time = 72455900 ns
---------------------------------------------
ns         %     Task name
---------------------------------------------
072455900  100%  getAllFlightsIn

2019-12-12 09:11:45.508 DEBUG 35888 --- [http-nio-8080-exec-2] rAspect$$EnhancerBySpringCGLIB$$2cd1a348 : API Running time: 72
2019-12-12 09:11:45.508  INFO 35888 --- [http-nio-8080-exec-2] rAspect$$EnhancerBySpringCGLIB$$2cd1a348 : HTTP Status: 200
2019-12-12 09:11:45.509  INFO 35888 --- [http-nio-8080-exec-2] c.f.s.demo.controller.FlightController   : API called for all flights to 3361
2019-12-12 09:11:45.509 DEBUG 35888 --- [http-nio-8080-exec-2] eAspect$$EnhancerBySpringCGLIB$$fc2d4c7d : Service requested for flights data com.foxtel.spring.demo.service.FlightService
2019-12-12 09:11:45.511 DEBUG 35888 --- [http-nio-8080-exec-2] c.f.spring.demo.service.FlightService    : Service request for flights to 3361
2019-12-12 09:11:45.513 DEBUG 35888 --- [http-nio-8080-exec-2] eAspect$$EnhancerBySpringCGLIB$$fc2d4c7d : Service successfully returned flights data 
2019-12-12 09:11:57.670 ERROR 35888 --- [http-nio-8080-exec-4] c.f.s.d.s.AuthenticationEntryPoint       : Unauthorized
2019-12-12 09:12:09.037  INFO 35888 --- [http-nio-8080-exec-5] c.f.s.demo.controller.FlightController   : API called for all flights to 3361
2019-12-12 09:12:09.037 DEBUG 35888 --- [http-nio-8080-exec-5] eAspect$$EnhancerBySpringCGLIB$$fc2d4c7d : Service requested for flights data com.foxtel.spring.demo.service.FlightService
2019-12-12 09:12:09.038 DEBUG 35888 --- [http-nio-8080-exec-5] c.f.spring.demo.service.FlightService    : Service request for flights to 3361
2019-12-12 09:12:09.046 DEBUG 35888 --- [http-nio-8080-exec-5] eAspect$$EnhancerBySpringCGLIB$$fc2d4c7d : Service successfully returned flights data 
2019-12-12 09:12:09.052  INFO 35888 --- [http-nio-8080-exec-5] rAspect$$EnhancerBySpringCGLIB$$2cd1a348 : REQUEST URI /flights/in/airport/3361
2019-12-12 09:12:09.053  INFO 35888 --- [http-nio-8080-exec-5] rAspect$$EnhancerBySpringCGLIB$$2cd1a348 : REQUEST method GET
2019-12-12 09:12:09.053 DEBUG 35888 --- [http-nio-8080-exec-5] rAspect$$EnhancerBySpringCGLIB$$2cd1a348 : REQUEST session ID 9B6AAB79690D91F671A9386BD983DDC9
2019-12-12 09:12:09.054 DEBUG 35888 --- [http-nio-8080-exec-5] rAspect$$EnhancerBySpringCGLIB$$2cd1a348 : REQUEST session creation time 1576102262850
2019-12-12 09:12:09.054 DEBUG 35888 --- [http-nio-8080-exec-5] rAspect$$EnhancerBySpringCGLIB$$2cd1a348 : REQUEST session last accessed time 1576102317681
2019-12-12 09:12:09.055 DEBUG 35888 --- [http-nio-8080-exec-5] rAspect$$EnhancerBySpringCGLIB$$2cd1a348 : REQUEST session creation time 1576102262850
2019-12-12 09:12:09.055 DEBUG 35888 --- [http-nio-8080-exec-5] rAspect$$EnhancerBySpringCGLIB$$2cd1a348 : REQUEST session servlet context 
2019-12-12 09:12:09.056 DEBUG 35888 --- [http-nio-8080-exec-5] rAspect$$EnhancerBySpringCGLIB$$2cd1a348 : REQUEST session servlet context server info Apache Tomcat/9.0.27
2019-12-12 09:12:09.056 DEBUG 35888 --- [http-nio-8080-exec-5] rAspect$$EnhancerBySpringCGLIB$$2cd1a348 : REQUEST session servlet context timeout 1 minutes
2019-12-12 09:12:09.059 DEBUG 35888 --- [http-nio-8080-exec-5] rAspect$$EnhancerBySpringCGLIB$$2cd1a348 : Reuqest time out set at 2000 ms
2019-12-12 09:12:09.060 DEBUG 35888 --- [http-nio-8080-exec-5] rAspect$$EnhancerBySpringCGLIB$$2cd1a348 : StopWatch 'FlightControllerAspect$$EnhancerBySpringCGLIB$$2cd1a348': running time = 22966900 ns
---------------------------------------------
ns         %     Task name
---------------------------------------------
022966900  100%  getAllFlightsIn

2019-12-12 09:12:09.060 DEBUG 35888 --- [http-nio-8080-exec-5] rAspect$$EnhancerBySpringCGLIB$$2cd1a348 : API Running time: 22
2019-12-12 09:12:09.061  INFO 35888 --- [http-nio-8080-exec-5] rAspect$$EnhancerBySpringCGLIB$$2cd1a348 : HTTP Status: 200
2019-12-12 09:12:09.061  INFO 35888 --- [http-nio-8080-exec-5] c.f.s.demo.controller.FlightController   : API called for all flights to 3361
2019-12-12 09:12:09.061 DEBUG 35888 --- [http-nio-8080-exec-5] eAspect$$EnhancerBySpringCGLIB$$fc2d4c7d : Service requested for flights data com.foxtel.spring.demo.service.FlightService
2019-12-12 09:12:09.062 DEBUG 35888 --- [http-nio-8080-exec-5] c.f.spring.demo.service.FlightService    : Service request for flights to 3361
2019-12-12 09:12:09.065 DEBUG 35888 --- [http-nio-8080-exec-5] eAspect$$EnhancerBySpringCGLIB$$fc2d4c7d : Service successfully returned flights data 
2019-12-12 09:12:45.542  INFO 35888 --- [http-nio-8080-exec-7] c.f.s.demo.controller.FlightController   : API called for all flights to 3361
2019-12-12 09:12:45.555 DEBUG 35888 --- [http-nio-8080-exec-7] eAspect$$EnhancerBySpringCGLIB$$fc2d4c7d : Service requested for flights data com.foxtel.spring.demo.service.FlightService
2019-12-12 09:12:45.555 DEBUG 35888 --- [http-nio-8080-exec-7] c.f.spring.demo.service.FlightService    : Service request for flights to 3361
2019-12-12 09:12:45.558 DEBUG 35888 --- [http-nio-8080-exec-7] eAspect$$EnhancerBySpringCGLIB$$fc2d4c7d : Service successfully returned flights data 
2019-12-12 09:12:45.558  INFO 35888 --- [http-nio-8080-exec-7] rAspect$$EnhancerBySpringCGLIB$$2cd1a348 : REQUEST URI /flights/in/airport/3361
2019-12-12 09:12:45.558  INFO 35888 --- [http-nio-8080-exec-7] rAspect$$EnhancerBySpringCGLIB$$2cd1a348 : REQUEST method GET
2019-12-12 09:12:45.559 DEBUG 35888 --- [http-nio-8080-exec-7] rAspect$$EnhancerBySpringCGLIB$$2cd1a348 : REQUEST session ID 06E64B01610A672485CDF9D7887686FB
2019-12-12 09:12:45.560 DEBUG 35888 --- [http-nio-8080-exec-7] rAspect$$EnhancerBySpringCGLIB$$2cd1a348 : REQUEST session creation time 1576102280444
2019-12-12 09:12:45.561 DEBUG 35888 --- [http-nio-8080-exec-7] rAspect$$EnhancerBySpringCGLIB$$2cd1a348 : REQUEST session last accessed time 1576102305553
2019-12-12 09:12:45.561 DEBUG 35888 --- [http-nio-8080-exec-7] rAspect$$EnhancerBySpringCGLIB$$2cd1a348 : REQUEST session creation time 1576102280444
2019-12-12 09:12:45.562 DEBUG 35888 --- [http-nio-8080-exec-7] rAspect$$EnhancerBySpringCGLIB$$2cd1a348 : REQUEST session servlet context 
2019-12-12 09:12:45.562 DEBUG 35888 --- [http-nio-8080-exec-7] rAspect$$EnhancerBySpringCGLIB$$2cd1a348 : REQUEST session servlet context server info Apache Tomcat/9.0.27
2019-12-12 09:12:45.562 DEBUG 35888 --- [http-nio-8080-exec-7] rAspect$$EnhancerBySpringCGLIB$$2cd1a348 : REQUEST session servlet context timeout 1 minutes
2019-12-12 09:12:45.563 DEBUG 35888 --- [http-nio-8080-exec-7] rAspect$$EnhancerBySpringCGLIB$$2cd1a348 : Reuqest time out set at 2000 ms
2019-12-12 09:12:45.563 DEBUG 35888 --- [http-nio-8080-exec-7] rAspect$$EnhancerBySpringCGLIB$$2cd1a348 : StopWatch 'FlightControllerAspect$$EnhancerBySpringCGLIB$$2cd1a348': running time = 20582000 ns
---------------------------------------------
ns         %     Task name
---------------------------------------------
020582000  100%  getAllFlightsIn

2019-12-12 09:12:45.564 DEBUG 35888 --- [http-nio-8080-exec-7] rAspect$$EnhancerBySpringCGLIB$$2cd1a348 : API Running time: 20
2019-12-12 09:12:45.564  INFO 35888 --- [http-nio-8080-exec-7] rAspect$$EnhancerBySpringCGLIB$$2cd1a348 : HTTP Status: 200
2019-12-12 09:12:45.565  INFO 35888 --- [http-nio-8080-exec-7] c.f.s.demo.controller.FlightController   : API called for all flights to 3361
2019-12-12 09:12:45.565 DEBUG 35888 --- [http-nio-8080-exec-7] eAspect$$EnhancerBySpringCGLIB$$fc2d4c7d : Service requested for flights data com.foxtel.spring.demo.service.FlightService
2019-12-12 09:12:45.565 DEBUG 35888 --- [http-nio-8080-exec-7] c.f.spring.demo.service.FlightService    : Service request for flights to 3361
2019-12-12 09:12:45.567 DEBUG 35888 --- [http-nio-8080-exec-7] eAspect$$EnhancerBySpringCGLIB$$fc2d4c7d : Service successfully returned flights data 
2019-12-12 09:13:38.263  INFO 35888 --- [http-nio-8080-exec-10] c.f.s.demo.controller.FlightController   : API called for all flights to 3361
2019-12-12 09:13:38.266 DEBUG 35888 --- [http-nio-8080-exec-10] eAspect$$EnhancerBySpringCGLIB$$fc2d4c7d : Service requested for flights data com.foxtel.spring.demo.service.FlightService
2019-12-12 09:13:38.266 DEBUG 35888 --- [http-nio-8080-exec-10] c.f.spring.demo.service.FlightService    : Service request for flights to 3361
2019-12-12 09:13:38.268 DEBUG 35888 --- [http-nio-8080-exec-10] eAspect$$EnhancerBySpringCGLIB$$fc2d4c7d : Service successfully returned flights data 
2019-12-12 09:13:38.268  INFO 35888 --- [http-nio-8080-exec-10] rAspect$$EnhancerBySpringCGLIB$$2cd1a348 : REQUEST URI /flights/in/airport/3361
2019-12-12 09:13:38.269  INFO 35888 --- [http-nio-8080-exec-10] rAspect$$EnhancerBySpringCGLIB$$2cd1a348 : REQUEST method GET
2019-12-12 09:13:38.273 DEBUG 35888 --- [http-nio-8080-exec-10] rAspect$$EnhancerBySpringCGLIB$$2cd1a348 : REQUEST session ID 06E64B01610A672485CDF9D7887686FB
2019-12-12 09:13:38.273 DEBUG 35888 --- [http-nio-8080-exec-10] rAspect$$EnhancerBySpringCGLIB$$2cd1a348 : REQUEST session creation time 1576102280444
2019-12-12 09:13:38.273 DEBUG 35888 --- [http-nio-8080-exec-10] rAspect$$EnhancerBySpringCGLIB$$2cd1a348 : REQUEST session last accessed time 1576102365583
2019-12-12 09:13:38.274 DEBUG 35888 --- [http-nio-8080-exec-10] rAspect$$EnhancerBySpringCGLIB$$2cd1a348 : REQUEST session creation time 1576102280444
2019-12-12 09:13:38.275 DEBUG 35888 --- [http-nio-8080-exec-10] rAspect$$EnhancerBySpringCGLIB$$2cd1a348 : REQUEST session servlet context 
2019-12-12 09:13:38.276 DEBUG 35888 --- [http-nio-8080-exec-10] rAspect$$EnhancerBySpringCGLIB$$2cd1a348 : REQUEST session servlet context server info Apache Tomcat/9.0.27
2019-12-12 09:13:38.276 DEBUG 35888 --- [http-nio-8080-exec-10] rAspect$$EnhancerBySpringCGLIB$$2cd1a348 : REQUEST session servlet context timeout 1 minutes
2019-12-12 09:13:38.276 DEBUG 35888 --- [http-nio-8080-exec-10] rAspect$$EnhancerBySpringCGLIB$$2cd1a348 : Reuqest time out set at 2000 ms
2019-12-12 09:13:38.277 DEBUG 35888 --- [http-nio-8080-exec-10] rAspect$$EnhancerBySpringCGLIB$$2cd1a348 : StopWatch 'FlightControllerAspect$$EnhancerBySpringCGLIB$$2cd1a348': running time = 14338900 ns
---------------------------------------------
ns         %     Task name
---------------------------------------------
014338900  100%  getAllFlightsIn

2019-12-12 09:13:38.278 DEBUG 35888 --- [http-nio-8080-exec-10] rAspect$$EnhancerBySpringCGLIB$$2cd1a348 : API Running time: 14
2019-12-12 09:13:38.278  INFO 35888 --- [http-nio-8080-exec-10] rAspect$$EnhancerBySpringCGLIB$$2cd1a348 : HTTP Status: 200
2019-12-12 09:13:38.279  INFO 35888 --- [http-nio-8080-exec-10] c.f.s.demo.controller.FlightController   : API called for all flights to 3361
2019-12-12 09:13:38.279 DEBUG 35888 --- [http-nio-8080-exec-10] eAspect$$EnhancerBySpringCGLIB$$fc2d4c7d : Service requested for flights data com.foxtel.spring.demo.service.FlightService
2019-12-12 09:13:38.280 DEBUG 35888 --- [http-nio-8080-exec-10] c.f.spring.demo.service.FlightService    : Service request for flights to 3361
2019-12-12 09:13:38.282 DEBUG 35888 --- [http-nio-8080-exec-10] eAspect$$EnhancerBySpringCGLIB$$fc2d4c7d : Service successfully returned flights data 
2019-12-12 09:13:51.178 ERROR 35888 --- [http-nio-8080-exec-1] c.f.s.d.s.AuthenticationEntryPoint       : Unauthorized
2019-12-12 09:13:56.569 ERROR 35888 --- [http-nio-8080-exec-2] c.f.s.d.s.AuthenticationEntryPoint       : Unauthorized
